<?xml version="1.0" encoding="utf-8"?><testsuites name="pytest tests"><testsuite name="pytest" errors="0" failures="0" skipped="0" tests="1461" time="156.526" timestamp="2026-09-17T00:16:15.435421+08:00" hostname="Frisk239"><testcase classname="apps.api.tests.test_agent_loop_integration" name="test_proposal_executes_then_retrieval_mixed_intent" time="0.991" /><testcase classname="apps.api.tests.test_agent_loop_integration" name="test_rejected_proposal_injection_no_args" time="0.633" /><testcase classname="apps.api.tests.test_agent_loop_integration" name="test_rejected_proposal_unregistered_tool" time="0.588" /><testcase classname="apps.api.tests.test_agent_loop_integration" name="test_plain_text_proposal_keeps_retrieval_shape" time="0.256" /><testcase classname="apps.api.tests.test_agent_loop_integration" name="test_llm_failure_degrades_to_retrieval" time="0.219" /><testcase classname="apps.api.tests.test_agent_loop_integration" name="test_order_no_question_stays_fast_path" time="0.208" /><testcase classname="apps.api.tests.test_agent_loop_integration" name="test_customer_channel_agent_loop_same_shape" time="0.144" /><testcase classname="apps.api.tests.test_agent_tools" name="test_registry_contains_exactly_three_readonly_tools" time="0.000" /><testcase classname="apps.api.tests.test_agent_tools" name="test_parse_valid_order_proposal" time="0.000" /><testcase classname="apps.api.tests.test_agent_tools" name="test_parse_normalizes_lowercase_order_no" time="0.000" /><testcase classname="apps.api.tests.test_agent_tools" name="test_parse_valid_stock_proposals" time="0.000" /><testcase classname="apps.api.tests.test_agent_tools" name="test_parse_tolerates_surrounding_text" time="0.000" /><testcase classname="apps.api.tests.test_agent_tools" name="test_parse_rejects_bad_json" time="0.000" /><testcase classname="apps.api.tests.test_agent_tools" name="test_parse_rejects_unregistered_tool" time="0.000" /><testcase classname="apps.api.tests.test_agent_tools" name="test_parse_rejects_missing_required_arg" time="0.000" /><testcase classname="apps.api.tests.test_agent_tools" name="test_parse_rejects_non_string_arg" time="0.000" /><testcase classname="apps.api.tests.test_agent_tools" name="test_parse_rejects_malformed_order_no" time="0.000" /><testcase classname="apps.api.tests.test_agent_tools" name="test_parse_rejects_extra_key_outside_whitelist" time="0.000" /><testcase classname="apps.api.tests.test_agent_tools" name="test_parse_rejects_tool_mention_without_valid_format" time="0.000" /><testcase classname="apps.api.tests.test_agent_tools" name="test_parse_plain_text_means_no_tool_needed" time="0.000" /><testcase classname="apps.api.tests.test_agent_tools" name="test_parse_handoff_sentinel_not_treated_as_unregistered_tool" time="0.000" /><testcase classname="apps.api.tests.test_agent_tools" name="test_parse_empty_output_means_no_tool_needed" time="0.000" /><testcase classname="apps.api.tests.test_agent_tools" name="test_execute_tool_dispatches_to_order_tool" time="0.000" /><testcase classname="apps.api.tests.test_agent_tools" name="test_propose_prompt_contains_tools_and_convention" time="0.000" /><testcase classname="apps.api.tests.test_agent_tools" name="test_propose_prompt_carries_history_and_masks_question" time="0.000" /><testcase classname="apps.api.tests.test_agent_tools" name="test_module_exports_decision_dataclass" time="0.000" /><testcase classname="apps.api.tests.test_answer" name="test_no_hits_is_refusal_with_handoff" time="0.000" /><testcase classname="apps.api.tests.test_answer" name="test_document_field_chunk_template" time="0.000" /><testcase classname="apps.api.tests.test_answer" name="test_document_plain_chunk_template" time="0.000" /><testcase classname="apps.api.tests.test_answer" name="test_dialogue_chunk_template" time="0.000" /><testcase classname="apps.api.tests.test_answer" name="test_multi_source_takes_top_two_with_own_citations" time="0.000" /><testcase classname="apps.api.tests.test_answer" name="test_citations_deduped_by_asset_and_version" time="0.000" /><testcase classname="apps.api.tests.test_answer" name="test_missing_title_falls_back" time="0.000" /><testcase classname="apps.api.tests.test_answer" name="test_refusal_content_constant_is_stable" time="0.000" /><testcase classname="apps.api.tests.test_answer" name="test_handoff_summary_operator_with_gap_ref" time="0.000" /><testcase classname="apps.api.tests.test_answer" name="test_handoff_summary_without_gap_id_has_no_gap_line" time="0.000" /><testcase classname="apps.api.tests.test_answer" name="test_handoff_summary_truncates_and_masks" time="0.000" /><testcase classname="apps.api.tests.test_asr" name="test_gap_splits_at_1_2_seconds_boundary" time="0.000" /><testcase classname="apps.api.tests.test_asr" name="test_force_cut_after_20_seconds_even_without_pause" time="0.000" /><testcase classname="apps.api.tests.test_asr" name="test_cap_merges_adjacent_segments_to_60" time="0.001" /><testcase classname="apps.api.tests.test_asr" name="test_cap_not_triggered_keeps_segments_and_receipt_has_no_note" time="0.000" /><testcase classname="apps.api.tests.test_asr" name="test_empty_segments_yields_no_candidates_and_honest_note" time="0.000" /><testcase classname="apps.api.tests.test_asr" name="test_capped_receipt_states_merge_in_plain_words" time="0.000" /><testcase classname="apps.api.tests.test_asr" name="test_text_join_skips_space_between_cjk_and_adds_between_latin" time="0.000" /><testcase classname="apps.api.tests.test_asr" name="test_segment_timecodes_floor_start_and_ceil_end_with_min_one_second" time="0.000" /><testcase classname="apps.api.tests.test_asr" name="test_split_wav_chunks_by_seconds_keeps_offsets_and_playable_headers" time="0.001" /><testcase classname="apps.api.tests.test_asr" name="test_split_wav_chunks_respects_byte_cap" time="0.001" /><testcase classname="apps.api.tests.test_asr" name="test_split_wav_chunks_empty_audio_and_broken_bytes_are_honest" time="0.000" /><testcase classname="apps.api.tests.test_asr" name="test_merge_segments_applies_chunk_offsets_and_sorts" time="0.000" /><testcase classname="apps.api.tests.test_asr" name="test_merge_segments_drops_empty_text_and_fixes_reversed_range" time="0.000" /><testcase classname="apps.api.tests.test_asr" name="test_transcript_source_vocabulary_is_three_values" time="0.000" /><testcase classname="apps.api.tests.test_asr" name="test_settings_defaults_match_researched_selection" time="0.001" /><testcase classname="apps.api.tests.test_asr" name="test_get_client_without_key_never_builds_client" time="0.003" /><testcase classname="apps.api.tests.test_asr" name="test_is_configured_true_with_key" time="0.001" /><testcase classname="apps.api.tests.test_asr" name="test_segments_of_normalizes_and_rejects_missing_timestamps" time="0.000" /><testcase classname="apps.api.tests.test_asr" name="test_aggregated_segment_is_frozen_value_object" time="0.000" /><testcase classname="apps.api.tests.test_asr_integration" name="test_transcribe_requires_login" time="0.941" /><testcase classname="apps.api.tests.test_asr_integration" name="test_transcribe_without_key_is_409_and_writes_nothing" time="0.232" /><testcase classname="apps.api.tests.test_asr_integration" name="test_transcribe_unknown_recording_is_404" time="0.182" /><testcase classname="apps.api.tests.test_asr_integration" name="test_transcribe_status_endpoint_reports_configured" time="0.174" /><testcase classname="apps.api.tests.test_asr_integration" name="test_transcribe_without_audio_track_is_422" time="0.344" /><testcase classname="apps.api.tests.test_asr_integration" name="test_transcribe_upstream_failure_is_502" time="0.291" /><testcase classname="apps.api.tests.test_asr_integration" name="test_transcribe_success_writes_cloud_candidates" time="0.321" /><testcase classname="apps.api.tests.test_asr_integration" name="test_transcribed_candidates_visible_in_candidate_list" time="0.277" /><testcase classname="apps.api.tests.test_asr_integration" name="test_transcribe_with_product_attribution" time="0.319" /><testcase classname="apps.api.tests.test_asr_integration" name="test_rerun_with_pending_cloud_candidates_is_409" time="0.300" /><testcase classname="apps.api.tests.test_asr_integration" name="test_rerun_allowed_after_all_candidates_picked" time="0.515" /><testcase classname="apps.api.tests.test_asr_integration" name="test_upload_after_transcribe_does_not_rebind_cloud_candidates" time="0.375" /><testcase classname="apps.api.tests.test_category_schema" name="test_known_categories_have_required_fields" time="0.000" /><testcase classname="apps.api.tests.test_category_schema" name="test_digital_peripherals_brand_required_others_optional" time="0.000" /><testcase classname="apps.api.tests.test_category_schema" name="test_unknown_category_empty_schema" time="0.000" /><testcase classname="apps.api.tests.test_category_schema" name="test_off_dump_schema_does_not_require_invented_shelf_life" time="0.000" /><testcase classname="apps.api.tests.test_category_schema" name="test_phone_schema_gate_missing_brand" time="0.000" /><testcase classname="apps.api.tests.test_category_schema" name="test_phone_schema_writeback_only_confirmed" time="0.000" /><testcase classname="apps.api.tests.test_category_schema_integration" name="test_phone_category_gate_writeback_retrieve" time="1.112" /><testcase classname="apps.api.tests.test_category_schema_integration" name="test_off_dump_row_register_publish_writeback_retrieve" time="0.319" /><testcase classname="apps.api.tests.test_chat_engine" name="test_run_ask_commits_before_llm_stream" time="0.005" /><testcase classname="apps.api.tests.test_chat_engine" name="test_customer_channel_hides_internal_fallback_reason" time="0.000" /><testcase classname="apps.api.tests.test_ci_workflow" name="test_ci_workflow_requires_postgres_url" time="0.000" /><testcase classname="apps.api.tests.test_clip_rebind_integration" name="test_upload_receipt_carries_real_bound_count" time="0.944" /><testcase classname="apps.api.tests.test_clip_rebind_integration" name="test_bind_all_pending_rebinds_previous_recording" time="0.242" /><testcase classname="apps.api.tests.test_clip_rebind_integration" name="test_bind_subset_only_touches_given_candidates" time="0.221" /><testcase classname="apps.api.tests.test_clip_rebind_integration" name="test_bind_is_idempotent" time="0.214" /><testcase classname="apps.api.tests.test_clip_rebind_integration" name="test_bind_unknown_recording_is_404" time="0.187" /><testcase classname="apps.api.tests.test_clip_rebind_integration" name="test_bind_unknown_candidate_is_404" time="0.201" /><testcase classname="apps.api.tests.test_clip_rebind_integration" name="test_bind_registered_candidate_is_409_and_writes_nothing" time="0.246" /><testcase classname="apps.api.tests.test_clip_rebind_integration" name="test_bind_requires_login" time="0.193" /><testcase classname="apps.api.tests.test_clip_rebind_integration" name="test_recording_list_is_newest_first" time="0.201" /><testcase classname="apps.api.tests.test_clip_rebind_integration" name="test_recording_list_is_capped_at_20" time="0.495" /><testcase classname="apps.api.tests.test_clip_rebind_integration" name="test_list_and_candidate_payloads_carry_no_bound_count" time="0.245" /><testcase classname="apps.api.tests.test_clips" name="test_transcript_bytes_is_timecode_prefixed_text" time="0.000" /><testcase classname="apps.api.tests.test_clips" name="test_make_object_key_prefix_and_extension_dispatch[video-clips-.mp4]" time="0.001" /><testcase classname="apps.api.tests.test_clips" name="test_make_object_key_prefix_and_extension_dispatch[dialogue-dialogue-.txt]" time="0.000" /><testcase classname="apps.api.tests.test_clips" name="test_make_object_key_prefix_and_extension_dispatch[document-documents-.txt]" time="0.000" /><testcase classname="apps.api.tests.test_clips" name="test_make_object_key_prefix_and_extension_dispatch[material-documents-.txt]" time="0.000" /><testcase classname="apps.api.tests.test_clips" name="test_video_field_set_is_empty_even_with_product" time="0.000" /><testcase classname="apps.api.tests.test_clips" name="test_pick_candidates_registers_video_assets" time="0.001" /><testcase classname="apps.api.tests.test_clips" name="test_pick_title_truncates_transcript_to_60_chars" time="0.000" /><testcase classname="apps.api.tests.test_clips" name="test_pick_dedupes_repeated_ids" time="0.000" /><testcase classname="apps.api.tests.test_clips" name="test_pick_missing_candidate_is_404_before_any_io" time="0.000" /><testcase classname="apps.api.tests.test_clips" name="test_pick_already_registered_is_409" time="0.000" /><testcase classname="apps.api.tests.test_clips" name="test_pick_batch_with_one_registered_fails_atomically" time="0.000" /><testcase classname="apps.api.tests.test_clips" name="test_pick_in_rejects_empty_ids" time="0.000" /><testcase classname="apps.api.tests.test_clips_integration" name="test_seed_clips_shape_and_idempotent" time="1.008" /><testcase classname="apps.api.tests.test_clips_integration" name="test_candidates_list_batches_product_names" time="0.192" /><testcase classname="apps.api.tests.test_clips_integration" name="test_pick_publish_retrieval_and_surface" time="0.473" /><testcase classname="apps.api.tests.test_clips_integration" name="test_repick_and_error_contract" time="0.480" /><testcase classname="apps.api.tests.test_coaching" name="test_expand_confirmed_qa_pairs" time="0.000" /><testcase classname="apps.api.tests.test_coaching" name="test_expand_uses_current_published_version_number" time="0.000" /><testcase classname="apps.api.tests.test_coaching" name="test_empty_value_or_abstain_or_missing_falls_back_to_transcript" time="0.000" /><testcase classname="apps.api.tests.test_coaching" name="test_garbage_pairs_still_fall_back" time="0.000" /><testcase classname="apps.api.tests.test_coaching" name="test_machine_draft_in_extracted_is_not_a_question_source" time="0.000" /><testcase classname="apps.api.tests.test_coaching" name="test_transcript_without_customer_line_or_missing_object_yields_nothing" time="0.000" /><testcase classname="apps.api.tests.test_coaching" name="test_first_customer_question_skips_empty_lines" time="0.000" /><testcase classname="apps.api.tests.test_coaching" name="test_first_customer_question_none" time="0.000" /><testcase classname="apps.api.tests.test_coaching" name="test_normalize_key_valid_and_int_coercion" time="0.000" /><testcase classname="apps.api.tests.test_coaching" name="test_normalize_key_rejects[None]" time="0.000" /><testcase classname="apps.api.tests.test_coaching" name="test_normalize_key_rejects[\u5b57\u7b26\u4e32]" time="0.000" /><testcase classname="apps.api.tests.test_coaching" name="test_normalize_key_rejects[raw2]" time="0.000" /><testcase classname="apps.api.tests.test_coaching" name="test_normalize_key_rejects[raw3]" time="0.000" /><testcase classname="apps.api.tests.test_coaching" name="test_normalize_key_rejects[raw4]" time="0.000" /><testcase classname="apps.api.tests.test_coaching" name="test_normalize_key_rejects[raw5]" time="0.000" /><testcase classname="apps.api.tests.test_coaching" name="test_system_prompt_carries_rubric" time="0.000" /><testcase classname="apps.api.tests.test_coaching" name="test_user_prompt_has_three_inputs" time="0.000" /><testcase classname="apps.api.tests.test_coaching" name="test_user_prompt_fallback_marks_missing_standard" time="0.000" /><testcase classname="apps.api.tests.test_coaching" name="test_parse_plain_and_fenced_score" time="0.000" /><testcase classname="apps.api.tests.test_coaching" name="test_parse_bad_score_raises[\u62b1\u6b49\uff0c\u6211\u6253\u4e0d\u4e86\u5206\u3002]" time="0.000" /><testcase classname="apps.api.tests.test_coaching" name="test_parse_bad_score_raises[[36, 25, 28]]" time="0.000" /><testcase classname="apps.api.tests.test_coaching" name="test_parse_bad_score_raises[{&quot;accurate&quot;: 41, &quot;evidence&quot;: 25, &quot;tone&quot;: 28, &quot;comment&quot;: &quot;\u8d85\u533a\u95f4&quot;}]" time="0.000" /><testcase classname="apps.api.tests.test_coaching" name="test_parse_bad_score_raises[{&quot;accurate&quot;: -1, &quot;evidence&quot;: 25, &quot;tone&quot;: 28, &quot;comment&quot;: &quot;\u8d1f\u6570&quot;}]" time="0.000" /><testcase classname="apps.api.tests.test_coaching" name="test_parse_bad_score_raises[{&quot;accurate&quot;: 36, &quot;evidence&quot;: 25, &quot;comment&quot;: &quot;\u7f3a tone&quot;}]" time="0.000" /><testcase classname="apps.api.tests.test_coaching" name="test_parse_bad_score_raises[{&quot;accurate&quot;: &quot;36&quot;, &quot;evidence&quot;: 25, &quot;tone&quot;: 28, &quot;comment&quot;: &quot;\u5b57\u7b26\u4e32\u5206\u6570&quot;}]" time="0.000" /><testcase classname="apps.api.tests.test_coaching" name="test_parse_bad_score_raises[{&quot;accurate&quot;: true, &quot;evidence&quot;: 25, &quot;tone&quot;: 28, &quot;comment&quot;: &quot;bool \u4e0d\u7b97\u6574\u6570&quot;}]" time="0.000" /><testcase classname="apps.api.tests.test_coaching" name="test_parse_bad_score_raises[{&quot;accurate&quot;: 36, &quot;evidence&quot;: 25, &quot;tone&quot;: 28, &quot;comment&quot;: &quot;   &quot;}]" time="0.000" /><testcase classname="apps.api.tests.test_coaching" name="test_try_score_success" time="0.001" /><testcase classname="apps.api.tests.test_coaching" name="test_try_score_unscored_states[kwargs0-\u672a\u914d\u7f6e LLM_API_KEY]" time="0.001" /><testcase classname="apps.api.tests.test_coaching" name="test_try_score_unscored_states[kwargs1-\u5382\u5546\u6a21\u578b\u6682\u65f6\u4e0d\u53ef\u7528]" time="0.001" /><testcase classname="apps.api.tests.test_coaching" name="test_try_score_unscored_states[kwargs2-\u4e0d\u662f\u5408\u6cd5 JSON]" time="0.001" /><testcase classname="apps.api.tests.test_coaching_integration" name="test_question_bank_and_scored_attempt" time="1.072" /><testcase classname="apps.api.tests.test_coaching_integration" name="test_transcript_fallback_question" time="0.337" /><testcase classname="apps.api.tests.test_coaching_integration" name="test_unscored_when_no_key_then_rescore" time="0.326" /><testcase classname="apps.api.tests.test_coaching_integration" name="test_assets_kind_filter_and_auth" time="0.603" /><testcase classname="apps.api.tests.test_coaching_integration" name="test_find_question_single_asset_equivalence_and_prompt_unchanged" time="0.488" /><testcase classname="apps.api.tests.test_coaching_integration" name="test_score_attempt_llm_call_not_in_transaction" time="0.336" /><testcase classname="apps.api.tests.test_coaching_integration" name="test_rescore_record_llm_call_not_in_transaction" time="0.402" /><testcase classname="apps.api.tests.test_concurrency_integration" name="test_concurrent_refusal_gaps_insert_once" time="0.737" /><testcase classname="apps.api.tests.test_concurrency_integration" name="test_concurrent_mcp_operator_first_insert_once" time="0.060" /><testcase classname="apps.api.tests.test_conversation_memory" name="test_recent_turns_pairs_and_returns_chronological_order" time="0.001" /><testcase classname="apps.api.tests.test_conversation_memory" name="test_recent_turns_truncates_to_window" time="0.000" /><testcase classname="apps.api.tests.test_conversation_memory" name="test_recent_turns_skips_unanswered_customer_residue" time="0.000" /><testcase classname="apps.api.tests.test_conversation_memory" name="test_recent_turns_skips_refusal_handoff_and_tool_turns" time="0.000" /><testcase classname="apps.api.tests.test_conversation_memory" name="test_recent_turns_redacts_pii_in_history" time="0.000" /><testcase classname="apps.api.tests.test_conversation_memory" name="test_retrieval_query_concatenates_prev_question_for_pronoun" time="0.000" /><testcase classname="apps.api.tests.test_conversation_memory" name="test_retrieval_query_unchanged_without_pronoun_or_history" time="0.000" /><testcase classname="apps.api.tests.test_conversation_memory" name="test_pronoun_pattern_matches_spec_lexicon" time="0.000" /><testcase classname="apps.api.tests.test_conversation_memory" name="test_merge_own_hits_appends_fresh_hits_capped_at_two" time="0.000" /><testcase classname="apps.api.tests.test_conversation_memory" name="test_merge_own_hits_keeps_glued_order_when_all_dupes" time="0.000" /><testcase classname="apps.api.tests.test_conversation_memory" name="test_last_tool_subject_picks_latest_answered_tool_turn" time="0.821" /><testcase classname="apps.api.tests.test_csat" name="test_build_csat_empty_is_honest" time="0.000" /><testcase classname="apps.api.tests.test_csat" name="test_build_csat_average_distribution_and_rounding" time="0.000" /><testcase classname="apps.api.tests.test_csat" name="test_build_csat_unknown_score_is_ignored_everywhere" time="0.000" /><testcase classname="apps.api.tests.test_csat" name="test_build_csat_average_rounds_half_up" time="0.000" /><testcase classname="apps.api.tests.test_csat" name="test_build_csat_masks_before_truncating" time="0.000" /><testcase classname="apps.api.tests.test_csat" name="test_build_csat_masks_inside_the_limit" time="0.000" /><testcase classname="apps.api.tests.test_csat" name="test_build_csat_comment_limit_and_blank_skipping" time="0.000" /><testcase classname="apps.api.tests.test_csat" name="test_build_csat_comments_carry_session_id_and_score" time="0.000" /><testcase classname="apps.api.tests.test_csat_integration" name="test_rating_requires_token" time="0.718" /><testcase classname="apps.api.tests.test_csat_integration" name="test_rating_rejects_score_out_of_range" time="0.018" /><testcase classname="apps.api.tests.test_csat_integration" name="test_rating_rejects_overlong_comment" time="0.010" /><testcase classname="apps.api.tests.test_csat_integration" name="test_rating_requires_active_session" time="0.015" /><testcase classname="apps.api.tests.test_csat_integration" name="test_rating_is_editable_latest_wins" time="0.243" /><testcase classname="apps.api.tests.test_csat_integration" name="test_rating_edit_validations_and_metric" time="0.227" /><testcase classname="apps.api.tests.test_csat_integration" name="test_rating_stores_original_comment_and_low_score_writes_nothing" time="0.313" /><testcase classname="apps.api.tests.test_csat_integration" name="test_thumbs_up_records_without_triage" time="0.248" /><testcase classname="apps.api.tests.test_csat_integration" name="test_thumbs_down_still_triages" time="0.252" /><testcase classname="apps.api.tests.test_csat_integration" name="test_feedback_is_one_per_message" time="0.243" /><testcase classname="apps.api.tests.test_csat_integration" name="test_reject_with_reason_writes_reason" time="0.257" /><testcase classname="apps.api.tests.test_csat_integration" name="test_reject_without_reason_keeps_plain_text" time="0.221" /><testcase classname="apps.api.tests.test_csat_integration" name="test_reject_without_body_still_works" time="0.212" /><testcase classname="apps.api.tests.test_csat_integration" name="test_reject_reason_length_is_capped" time="0.217" /><testcase classname="apps.api.tests.test_csat_integration" name="test_csat_shape_and_no_fake_zero_average" time="0.194" /><testcase classname="apps.api.tests.test_csat_integration" name="test_csat_aggregates_and_masks_comments" time="0.440" /><testcase classname="apps.api.tests.test_csat_integration" name="test_recent_comments_are_capped_and_truncated" time="0.250" /><testcase classname="apps.api.tests.test_csat_integration" name="test_session_list_exposes_rating_badge" time="0.247" /><testcase classname="apps.api.tests.test_csat_integration" name="test_blank_comment_is_stored_as_none" time="0.017" /><testcase classname="apps.api.tests.test_csat_integration" name="test_comment_at_max_length_is_accepted" time="0.014" /><testcase classname="apps.api.tests.test_csat_integration" name="test_empty_session_can_be_rated" time="0.014" /><testcase classname="apps.api.tests.test_csat_integration" name="test_session_list_batches_rating_for_many_sessions" time="0.209" /><testcase classname="apps.api.tests.test_csat_integration" name="test_reject_reason_whitespace_is_treated_as_absent" time="0.250" /><testcase classname="apps.api.tests.test_csat_integration" name="test_reject_reason_at_max_length_is_accepted" time="0.220" /><testcase classname="apps.api.tests.test_csat_integration" name="test_rating_records_csat_metric" time="0.015" /><testcase classname="apps.api.tests.test_csat_integration" name="test_session_detail_exposes_rating" time="0.256" /><testcase classname="apps.api.tests.test_csv_import" name="test_import_csv_route_is_sync" time="0.000" /><testcase classname="apps.api.tests.test_csv_import" name="test_bom_tolerated" time="0.000" /><testcase classname="apps.api.tests.test_csv_import" name="test_empty_file_is_empty_batch" time="0.000" /><testcase classname="apps.api.tests.test_csv_import" name="test_header_only_is_empty_batch" time="0.000" /><testcase classname="apps.api.tests.test_csv_import" name="test_missing_columns_rejected[name,content\n]" time="0.001" /><testcase classname="apps.api.tests.test_csv_import" name="test_missing_columns_rejected[title,body\n]" time="0.000" /><testcase classname="apps.api.tests.test_csv_import" name="test_missing_columns_rejected[name,body\n]" time="0.000" /><testcase classname="apps.api.tests.test_csv_import" name="test_missing_columns_rejected[Title,Content\n]" time="0.000" /><testcase classname="apps.api.tests.test_csv_import" name="test_missing_columns_error_names_the_column" time="0.000" /><testcase classname="apps.api.tests.test_csv_import" name="test_invalid_utf8_rejected" time="0.000" /><testcase classname="apps.api.tests.test_csv_import" name="test_blank_row_skipped_with_reason" time="0.000" /><testcase classname="apps.api.tests.test_csv_import" name="test_blank_row_of_commas_is_blank" time="0.000" /><testcase classname="apps.api.tests.test_csv_import" name="test_empty_title_skipped" time="0.000" /><testcase classname="apps.api.tests.test_csv_import" name="test_empty_content_skipped" time="0.000" /><testcase classname="apps.api.tests.test_csv_import" name="test_whitespace_only_cells_treated_as_empty" time="0.000" /><testcase classname="apps.api.tests.test_csv_import" name="test_row_limit_boundary" time="0.001" /><testcase classname="apps.api.tests.test_csv_import" name="test_oversize_content_skipped" time="0.002" /><testcase classname="apps.api.tests.test_csv_import" name="test_column_order_and_extra_columns" time="0.000" /><testcase classname="apps.api.tests.test_csv_import" name="test_short_row_treated_as_missing_cells" time="0.000" /><testcase classname="apps.api.tests.test_csv_import" name="test_quoted_fields_with_comma_and_newline" time="0.000" /><testcase classname="apps.api.tests.test_csv_import" name="test_crlf_line_endings" time="0.000" /><testcase classname="apps.api.tests.test_csv_import" name="test_surrounding_whitespace_stripped" time="0.000" /><testcase classname="apps.api.tests.test_csv_import" name="test_row_numbers_are_data_rows_not_file_lines" time="0.000" /><testcase classname="apps.api.tests.test_customer_integration" name="test_customer_channel_needs_no_login" time="0.707" /><testcase classname="apps.api.tests.test_customer_integration" name="test_customer_full_flow_same_engine" time="0.626" /><testcase classname="apps.api.tests.test_customer_integration" name="test_customer_token_auth" time="0.032" /><testcase classname="apps.api.tests.test_customer_integration" name="test_customer_cannot_ask_operator_session" time="0.224" /><testcase classname="apps.api.tests.test_customer_integration" name="test_customer_input_validation" time="0.018" /><testcase classname="apps.api.tests.test_customer_integration" name="test_customer_rate_limit_429_with_retry_after" time="0.091" /><testcase classname="apps.api.tests.test_customer_integration" name="test_rate_limit_ip_key_direct_mode_ignores_xff" time="0.014" /><testcase classname="apps.api.tests.test_customer_integration" name="test_rate_limit_ip_key_trust_mode_uses_xff_first_hop" time="0.025" /><testcase classname="apps.api.tests.test_customer_integration" name="test_bad_token_cannot_burn_session_quota" time="0.233" /><testcase classname="apps.api.tests.test_customer_integration" name="test_ip_gate_fronts_auth_for_bad_tokens" time="0.071" /><testcase classname="apps.api.tests.test_customer_token_ttl" name="test_session_creation_sets_token_expiry" time="0.731" /><testcase classname="apps.api.tests.test_customer_token_ttl" name="test_valid_token_still_works" time="0.054" /><testcase classname="apps.api.tests.test_customer_token_ttl" name="test_expired_token_is_401_with_same_copy_as_invalid" time="0.056" /><testcase classname="apps.api.tests.test_customer_token_ttl" name="test_null_expiry_is_unusable" time="0.037" /><testcase classname="apps.api.tests.test_customer_token_ttl" name="test_future_expiry_keeps_working" time="0.067" /><testcase classname="apps.api.tests.test_customer_token_ttl" name="test_feedback_and_handoff_endpoints_also_enforce_expiry" time="0.039" /><testcase classname="apps.api.tests.test_customer_token_ttl" name="test_token_of_other_session_is_rejected" time="0.073" /><testcase classname="apps.api.tests.test_data_ingest_integration" name="test_import_csv_requires_login" time="0.708" /><testcase classname="apps.api.tests.test_data_ingest_integration" name="test_import_csv_full_journey" time="0.368" /><testcase classname="apps.api.tests.test_data_ingest_integration" name="test_import_csv_rejects_bad_batches" time="0.200" /><testcase classname="apps.api.tests.test_data_ingest_integration" name="test_import_csv_rejects_oversize_file" time="0.279" /><testcase classname="apps.api.tests.test_demo_reset_script" name="test_plan_counts_only_probe_signatures" time="0.657" /><testcase classname="apps.api.tests.test_demo_reset_script" name="test_apply_removes_empty_sessions_and_discards_probe_assets" time="0.032" /><testcase classname="apps.api.tests.test_demo_reset_script" name="test_plan_reports_published_assets_without_title" time="0.022" /><testcase classname="apps.api.tests.test_demo_reset_script" name="test_cli_requires_apply_flag" time="0.187" /><testcase classname="apps.api.tests.test_engine_eval" name="test_engine_golden_case[eg-cat-001]" time="1.109" /><testcase classname="apps.api.tests.test_engine_eval" name="test_engine_golden_case[eg-cat-002]" time="0.029" /><testcase classname="apps.api.tests.test_engine_eval" name="test_engine_golden_case[eg-cat-003]" time="0.029" /><testcase classname="apps.api.tests.test_engine_eval" name="test_engine_golden_case[eg-cat-004]" time="0.027" /><testcase classname="apps.api.tests.test_engine_eval" name="test_engine_golden_case[eg-cat-005]" time="0.029" /><testcase classname="apps.api.tests.test_engine_eval" name="test_engine_golden_case[eg-cat-006]" time="0.027" /><testcase classname="apps.api.tests.test_engine_eval" name="test_engine_golden_case[eg-cat-007]" time="0.040" /><testcase classname="apps.api.tests.test_engine_eval" name="test_engine_golden_case[eg-cat-008]" time="0.045" /><testcase classname="apps.api.tests.test_engine_eval" name="test_engine_golden_case[eg-cat-009]" time="0.046" /><testcase classname="apps.api.tests.test_engine_eval" name="test_engine_golden_case[eg-cat-010]" time="0.027" /><testcase classname="apps.api.tests.test_engine_eval" name="test_engine_golden_case[eg-stk-001]" time="0.019" /><testcase classname="apps.api.tests.test_engine_eval" name="test_engine_golden_case[eg-stk-002]" time="0.018" /><testcase classname="apps.api.tests.test_engine_eval" name="test_engine_golden_case[eg-stk-003]" time="0.018" /><testcase classname="apps.api.tests.test_engine_eval" name="test_engine_golden_case[eg-stk-004]" time="0.018" /><testcase classname="apps.api.tests.test_engine_eval" name="test_engine_golden_case[eg-stk-005]" time="0.032" /><testcase classname="apps.api.tests.test_engine_eval" name="test_engine_golden_case[eg-stk-006]" time="0.033" /><testcase classname="apps.api.tests.test_engine_eval" name="test_engine_golden_case[eg-ord-001]" time="0.017" /><testcase classname="apps.api.tests.test_engine_eval" name="test_engine_golden_case[eg-ord-002]" time="0.022" /><testcase classname="apps.api.tests.test_engine_eval" name="test_engine_golden_case[eg-evd-001]" time="0.033" /><testcase classname="apps.api.tests.test_engine_eval" name="test_engine_golden_case[eg-evd-002]" time="0.031" /><testcase classname="apps.api.tests.test_engine_eval" name="test_engine_golden_case[eg-evd-003]" time="0.029" /><testcase classname="apps.api.tests.test_engine_eval" name="test_engine_golden_case[eg-evd-004]" time="0.027" /><testcase classname="apps.api.tests.test_engine_eval" name="test_engine_golden_case[eg-mt-001]" time="0.059" /><testcase classname="apps.api.tests.test_engine_eval" name="test_engine_golden_case[eg-evd-005]" time="0.026" /><testcase classname="apps.api.tests.test_engine_eval" name="test_engine_golden_case[eg-ord-003]" time="0.018" /><testcase classname="apps.api.tests.test_engine_eval" name="test_engine_golden_case[eg-ord-004]" time="0.015" /><testcase classname="apps.api.tests.test_engine_eval" name="test_engine_golden_case[eg-mt-002]" time="0.027" /><testcase classname="apps.api.tests.test_engine_eval" name="test_engine_golden_case[eg-mt-003]" time="0.028" /><testcase classname="apps.api.tests.test_engine_eval" name="test_engine_golden_case[eg-mt-004]" time="0.038" /><testcase classname="apps.api.tests.test_engine_eval" name="test_engine_golden_schema_selfcheck" time="0.051" /><testcase classname="apps.api.tests.test_eval_set" name="test_golden_json_schema" time="0.000" /><testcase classname="apps.api.tests.test_eval_set" name="test_golden_json_covers_spec_spectrum" time="0.000" /><testcase classname="apps.api.tests.test_eval_set" name="test_golden_case[cite-spec-net-content]" time="1.193" /><testcase classname="apps.api.tests.test_eval_set" name="test_golden_case[cite-return-policy]" time="0.029" /><testcase classname="apps.api.tests.test_eval_set" name="test_golden_case[cite-qa-pair-engraving]" time="0.030" /><testcase classname="apps.api.tests.test_eval_set" name="test_golden_case[refuse-member-points]" time="0.034" /><testcase classname="apps.api.tests.test_eval_set" name="test_golden_case[edge-clarify-order-without-order-no]" time="0.018" /><testcase classname="apps.api.tests.test_eval_set" name="test_golden_case[edge-refuse-jailbreak-override-rules]" time="0.029" /><testcase classname="apps.api.tests.test_eval_set" name="test_golden_case[order-hit-shipped]" time="0.018" /><testcase classname="apps.api.tests.test_eval_set" name="test_golden_case[order-hit-in-transit-lowercase]" time="0.016" /><testcase classname="apps.api.tests.test_eval_set" name="test_golden_case[order-miss-handoff]" time="0.021" /><testcase classname="apps.api.tests.test_eval_set" name="test_golden_case[stock-in-stock]" time="0.018" /><testcase classname="apps.api.tests.test_eval_set" name="test_golden_case[stock-zero-factual]" time="0.019" /><testcase classname="apps.api.tests.test_eval_set" name="test_golden_case[stock-miss-refuse-via-retrieval]" time="0.033" /><testcase classname="apps.api.tests.test_eval_set" name="test_golden_case[edge-order-priority-over-stock-keyword]" time="0.019" /><testcase classname="apps.api.tests.test_eval_set" name="test_golden_case[catalog-listing]" time="0.028" /><testcase classname="apps.api.tests.test_eval_set" name="test_golden_case[catalog-quote-new-product]" time="0.026" /><testcase classname="apps.api.tests.test_eval_set" name="test_golden_case[catalog-miss-refuse]" time="0.100" /><testcase classname="apps.api.tests.test_exports_sft" name="test_export_requires_login" time="0.701" /><testcase classname="apps.api.tests.test_exports_sft" name="test_empty_dataset_exports_header_only" time="0.195" /><testcase classname="apps.api.tests.test_exports_sft" name="test_published_confirmed_qa_exported_with_lineage" time="0.339" /><testcase classname="apps.api.tests.test_exports_sft" name="test_unpublished_and_draft_only_dialogues_absent" time="0.373" /><testcase classname="apps.api.tests.test_exports_sft" name="test_audit_trail_records_operator_not_mcp" time="0.249" /><testcase classname="apps.api.tests.test_fidelity_gate" name="test_low_coverage_single_hit_falls_back_without_llm" time="0.005" /><testcase classname="apps.api.tests.test_fidelity_gate" name="test_high_coverage_single_hit_still_generates" time="0.003" /><testcase classname="apps.api.tests.test_fidelity_gate" name="test_multi_hit_bypasses_gate" time="0.003" /><testcase classname="apps.api.tests.test_fidelity_gate" name="test_refusal_path_untouched_by_gate" time="0.002" /><testcase classname="apps.api.tests.test_fidelity_gate" name="test_model_declares_no_coverage_becomes_refusal" time="0.003" /><testcase classname="apps.api.tests.test_fidelity_gate" name="test_real_answer_is_not_mistaken_for_no_coverage" time="0.004" /><testcase classname="apps.api.tests.test_fidelity_gate" name="test_no_coverage_gate_does_not_fire_on_normal_answers[\u914d\u6599\u4fe1\u606f\u4e2d\u4e0d\u5305\u542b\u4efb\u4f55\u9632\u8150\u5242\u3002]" time="0.003" /><testcase classname="apps.api.tests.test_fidelity_gate" name="test_no_coverage_gate_does_not_fire_on_normal_answers[\u4ea7\u54c1\u4fe1\u606f\u4e0d\u5305\u542b\u7535\u6c60\uff0c\u9700\u53e6\u884c\u8d2d\u4e70\u3002]" time="0.003" /><testcase classname="apps.api.tests.test_fidelity_gate" name="test_no_coverage_gate_does_not_fire_on_normal_answers[\u6211\u65e0\u6cd5\u63d0\u4f9b\u6bd4\u8fd9\u66f4\u8be6\u7ec6\u7684\u4fe1\u606f\u3002]" time="0.003" /><testcase classname="apps.api.tests.test_fidelity_gate" name="test_no_coverage_gate_does_not_fire_on_normal_answers[\u5ba2\u670d\u65e0\u6cd5\u786e\u8ba4\u8be5\u8ba2\u5355\u4fe1\u606f\uff0c\u8bf7\u63d0\u4f9b\u8ba2\u5355\u53f7\u3002]" time="0.003" /><testcase classname="apps.api.tests.test_fidelity_gate" name="test_no_coverage_gate_does_not_fire_on_normal_answers[\u6839\u636e\u5df2\u53d1\u5e03\u8bc1\u636e\uff0c\u51c0\u542b\u91cf\u4e3a 500ml\u3002[1]]" time="0.002" /><testcase classname="apps.api.tests.test_fidelity_gate" name="test_strip_coverage_disclaimers[\u7b7e\u6536\u540e7\u5929\u5185\u53ef\u7533\u8bf7\u9000\u8d27\u3002[1][2] \u5177\u4f53\u9000\u8d27\u64cd\u4f5c\u8bc1\u636e\u672a\u8986\u76d6\u3002-\u7b7e\u6536\u540e7\u5929\u5185\u53ef\u7533\u8bf7\u9000\u8d27\u3002]" time="0.000" /><testcase classname="apps.api.tests.test_fidelity_gate" name="test_strip_coverage_disclaimers[\u5df2\u53d1\u5e03\u8bc1\u636e\u672a\u63d0\u53ca\u8fd0\u8d39\u3002[1] \u6750\u8d28\u4e3a\u949b\u94a2\u3002[2]-\u6750\u8d28\u4e3a\u949b\u94a2\u3002[2]]" time="0.000" /><testcase classname="apps.api.tests.test_fidelity_gate" name="test_strip_coverage_disclaimers[\u73b0\u6709\u8bc1\u636e\u672a\u8986\u76d6\u523b\u5b57\u6536\u8d39\u4fe1\u606f\u3002-]" time="0.000" /><testcase classname="apps.api.tests.test_fidelity_gate" name="test_strip_coverage_disclaimers[\u8bc1\u636e\u672a\u63d0\u4f9b\u4ef7\u683c\u3002-]" time="0.000" /><testcase classname="apps.api.tests.test_fidelity_gate" name="test_strip_coverage_disclaimers[\u5df2\u53d1\u5e03\u8bc1\u636e\u672a\u8bf4\u660e\u4fdd\u6e29\u676f\u53ef\u4fdd\u6e29\u51e0\u4e2a\u5c0f\u65f6\u3002[1][2]-]" time="0.000" /><testcase classname="apps.api.tests.test_fidelity_gate" name="test_strip_coverage_disclaimers[\u6839\u636e\u5df2\u53d1\u5e03\u8bc1\u636e\uff0c\u51c0\u542b\u91cf\u4e3a 500ml\u3002[1]-\u6839\u636e\u5df2\u53d1\u5e03\u8bc1\u636e\uff0c\u51c0\u542b\u91cf\u4e3a 500ml\u3002[1]]" time="0.000" /><testcase classname="apps.api.tests.test_fidelity_gate" name="test_strip_coverage_disclaimers[[\u672a\u8986\u76d6]-]" time="0.000" /><testcase classname="apps.api.tests.test_fidelity_gate" name="test_strip_coverage_disclaimers[\u65e0\u6cd5\u786e\u8ba4\u3002[1][2]-]" time="0.000" /><testcase classname="apps.api.tests.test_fidelity_gate" name="test_strip_coverage_disclaimers[\u6682\u65e0\u76f8\u5173\u4fe1\u606f\u3002-]" time="0.000" /><testcase classname="apps.api.tests.test_fidelity_gate" name="test_strip_coverage_disclaimers[\u6761\u7801\u662f 000000000063\u3002[1] \u672a\u8986\u76d6\u3002-\u6761\u7801\u662f 000000000063\u3002]" time="0.000" /><testcase classname="apps.api.tests.test_fidelity_gate" name="test_strip_coverage_disclaimers[\u914d\u6599\u4fe1\u606f\u4e2d\u4e0d\u5305\u542b\u4efb\u4f55\u9632\u8150\u5242\u3002[2]-\u914d\u6599\u4fe1\u606f\u4e2d\u4e0d\u5305\u542b\u4efb\u4f55\u9632\u8150\u5242\u3002[2]]" time="0.000" /><testcase classname="apps.api.tests.test_frames" name="test_sample_points_basic_interval" time="0.000" /><testcase classname="apps.api.tests.test_frames" name="test_sample_points_zero_and_negative_durations" time="0.000" /><testcase classname="apps.api.tests.test_frames" name="test_sample_points_cap_stretches_interval_not_tail" time="0.000" /><testcase classname="apps.api.tests.test_frames" name="test_sample_points_under_cap_uses_plain_interval" time="0.000" /><testcase classname="apps.api.tests.test_frames" name="test_parse_frame_score_accepts_plain_and_fenced_json" time="0.000" /><testcase classname="apps.api.tests.test_frames" name="test_parse_frame_score_rejects_bad_shapes" time="0.000" /><testcase classname="apps.api.tests.test_frames" name="test_parse_frame_score_strips_note_and_accepts_empty_note" time="0.000" /><testcase classname="apps.api.tests.test_frames" name="test_parse_frame_score_accepts_whole_number_float" time="0.000" /><testcase classname="apps.api.tests.test_frames" name="test_filter_candidates_min_score_gate" time="0.000" /><testcase classname="apps.api.tests.test_frames" name="test_filter_candidates_cap_keeps_highest_then_sorts_by_time" time="0.000" /><testcase classname="apps.api.tests.test_frames" name="test_filter_candidates_tie_prefers_earlier_frame" time="0.000" /><testcase classname="apps.api.tests.test_frames" name="test_filter_candidates_empty" time="0.000" /><testcase classname="apps.api.tests.test_frames" name="test_frame_timecode" time="0.000" /><testcase classname="apps.api.tests.test_frames" name="test_frame_title_shape" time="0.000" /><testcase classname="apps.api.tests.test_frames" name="test_score_frame_parses_vlm_output" time="0.000" /><testcase classname="apps.api.tests.test_frames" name="test_score_frame_unparsable_output_returns_none" time="0.000" /><testcase classname="apps.api.tests.test_frames" name="test_score_frame_propagates_vlm_errors" time="0.000" /><testcase classname="apps.api.tests.test_frames_integration" name="test_frame_wash_requires_login" time="0.777" /><testcase classname="apps.api.tests.test_frames_integration" name="test_frame_candidates_reject_non_video_and_unpublished" time="0.356" /><testcase classname="apps.api.tests.test_frames_integration" name="test_frame_candidates_without_vlm_key_409" time="0.405" /><testcase classname="apps.api.tests.test_frames_integration" name="test_frame_candidates_reject_legacy_text_clip" time="0.315" /><testcase classname="apps.api.tests.test_frames_integration" name="test_frame_candidates_sampling_scoring_and_shape" time="0.659" /><testcase classname="apps.api.tests.test_frames_integration" name="test_frame_candidates_vlm_failure_502" time="0.498" /><testcase classname="apps.api.tests.test_frames_integration" name="test_register_frame_creates_image_asset_with_lineage" time="0.537" /><testcase classname="apps.api.tests.test_frames_integration" name="test_register_frame_rejects_non_video" time="0.248" /><testcase classname="apps.api.tests.test_frames_integration" name="test_frame_asset_full_chain_to_customer_citation" time="0.599" /><testcase classname="apps.api.tests.test_gin_index_migration" name="test_gin_indexes_up_down_up" time="0.742" /><testcase classname="apps.api.tests.test_governance_integration" name="test_write_endpoints_require_login" time="0.802" /><testcase classname="apps.api.tests.test_governance_integration" name="test_read_endpoints_require_login" time="0.032" /><testcase classname="apps.api.tests.test_governance_integration" name="test_login_flow" time="0.371" /><testcase classname="apps.api.tests.test_governance_integration" name="test_login_rate_limit_429" time="0.351" /><testcase classname="apps.api.tests.test_governance_integration" name="test_login_rate_limit_ignores_xff" time="0.348" /><testcase classname="apps.api.tests.test_governance_integration" name="test_forged_cookie_rejected" time="0.002" /><testcase classname="apps.api.tests.test_governance_integration" name="test_water_document_full_journey" time="0.335" /><testcase classname="apps.api.tests.test_governance_integration" name="test_cup_material_abstain_then_fill" time="0.320" /><testcase classname="apps.api.tests.test_governance_integration" name="test_machine_wash_failure_and_in_place_retry" time="0.283" /><testcase classname="apps.api.tests.test_governance_integration" name="test_register_rejects_bad_uploads" time="0.212" /><testcase classname="apps.api.tests.test_governance_integration" name="test_unlinked_document_has_no_required_fields" time="0.260" /><testcase classname="apps.api.tests.test_governance_integration" name="test_confirm_fields_rejects_blank_and_unknown" time="0.271" /><testcase classname="apps.api.tests.test_governance_integration" name="test_products_endpoints_expose_schema_and_values" time="0.019" /><testcase classname="apps.api.tests.test_governance_integration" name="test_assets_list_and_detail" time="0.204" /><testcase classname="apps.api.tests.test_governance_integration" name="test_audit_endpoint_filters_by_asset" time="0.015" /><testcase classname="apps.api.tests.test_governance_integration" name="test_seeding_is_idempotent_across_restarts" time="0.007" /><testcase classname="apps.api.tests.test_governance_integration" name="test_open_revision_keeps_published_pointer_and_inherits" time="0.332" /><testcase classname="apps.api.tests.test_governance_integration" name="test_open_revision_rejects_unpublished_and_second_open" time="0.307" /><testcase classname="apps.api.tests.test_governance_integration" name="test_confirm_fields_allows_unpublished_revision_on_published_asset" time="0.289" /><testcase classname="apps.api.tests.test_governance_integration" name="test_inherit_confirmed_tags_array_values" time="0.000" /><testcase classname="apps.api.tests.test_governance_integration" name="test_publish_revision_moves_pointer_and_writes_back" time="0.341" /><testcase classname="apps.api.tests.test_governance_integration" name="test_rollback_moves_pointer_writes_back_and_audits" time="0.415" /><testcase classname="apps.api.tests.test_governance_integration" name="test_rollback_clears_fields_absent_from_target_version" time="0.362" /><testcase classname="apps.api.tests.test_governance_integration" name="test_open_revision_associates_knowledge_gap" time="0.340" /><testcase classname="apps.api.tests.test_governance_integration" name="test_verify_refreshes_freshness_and_audits" time="0.339" /><testcase classname="apps.api.tests.test_governance_integration" name="test_retry_machine_wash_rejects_discarded_asset" time="0.270" /><testcase classname="apps.api.tests.test_handoff_tickets_integration" name="test_wants_human_wordlist[\u4f60\u4eec\u7528\u7684\u662f\u4eba\u5de5\u667a\u80fd\u5417-False]" time="0.001" /><testcase classname="apps.api.tests.test_handoff_tickets_integration" name="test_wants_human_wordlist[\u4eba\u5de5-False]" time="0.000" /><testcase classname="apps.api.tests.test_handoff_tickets_integration" name="test_wants_human_wordlist[\u6211\u8981\u8f6c\u4eba\u5de5-True]" time="0.000" /><testcase classname="apps.api.tests.test_handoff_tickets_integration" name="test_wants_human_wordlist[\u627e\u4eba\u5de5\u5ba2\u670d-True]" time="0.000" /><testcase classname="apps.api.tests.test_handoff_tickets_integration" name="test_wants_human_wordlist[\u8981\u4eba\u5de5-True]" time="0.000" /><testcase classname="apps.api.tests.test_handoff_tickets_integration" name="test_wants_human_wordlist[\u6709\u771f\u4eba\u5ba2\u670d\u5417-True]" time="0.000" /><testcase classname="apps.api.tests.test_handoff_tickets_integration" name="test_wants_human_wordlist[\u6211\u8981\u6295\u8bc9-True]" time="0.000" /><testcase classname="apps.api.tests.test_handoff_tickets_integration" name="test_wants_human_wordlist[\u4e3e\u62a5\u8fd9\u4e2a\u5356\u5bb6-True]" time="0.000" /><testcase classname="apps.api.tests.test_handoff_tickets_integration" name="test_explicit_human_request_creates_pending_ticket" time="0.882" /><testcase classname="apps.api.tests.test_handoff_tickets_integration" name="test_operator_channel_complete_carries_ticket_keys" time="0.208" /><testcase classname="apps.api.tests.test_handoff_tickets_integration" name="test_proposal_path_handoff_sentinel_creates_ticket" time="0.205" /><testcase classname="apps.api.tests.test_handoff_tickets_integration" name="test_rejected_proposal_creates_ticket_and_keeps_text" time="0.214" /><testcase classname="apps.api.tests.test_handoff_tickets_integration" name="test_second_handoff_same_session_reuses_ticket" time="0.219" /><testcase classname="apps.api.tests.test_handoff_tickets_integration" name="test_refusal_creates_ticket_and_keeps_refusal_text" time="0.211" /><testcase classname="apps.api.tests.test_handoff_tickets_integration" name="test_tool_failure_handoffs_also_create_ticket" time="0.269" /><testcase classname="apps.api.tests.test_handoff_tickets_integration" name="test_customer_contact_submit_then_operator_sees_masked" time="0.237" /><testcase classname="apps.api.tests.test_handoff_tickets_integration" name="test_operator_outlet_masks_contact_forms[phone-138-0013-8000-1********00]" time="0.227" /><testcase classname="apps.api.tests.test_handoff_tickets_integration" name="test_operator_outlet_masks_contact_forms[phone-010-12345678-0********78]" time="0.224" /><testcase classname="apps.api.tests.test_handoff_tickets_integration" name="test_operator_outlet_masks_contact_forms[phone-021 6234 5678-0********78]" time="0.221" /><testcase classname="apps.api.tests.test_handoff_tickets_integration" name="test_operator_outlet_masks_contact_forms[email-ab@x.co-****@x.co]" time="0.226" /><testcase classname="apps.api.tests.test_handoff_tickets_integration" name="test_operator_outlet_masks_contact_forms[email-a@b.cn-****@b.cn]" time="0.226" /><testcase classname="apps.api.tests.test_handoff_tickets_integration" name="test_operator_outlet_masks_note_pii" time="0.237" /><testcase classname="apps.api.tests.test_handoff_tickets_integration" name="test_customer_contact_validation_and_ownership" time="0.097" /><testcase classname="apps.api.tests.test_handoff_tickets_integration" name="test_resolve_is_idempotent_and_clears_pending_count" time="0.256" /><testcase classname="apps.api.tests.test_handoff_tickets_integration" name="test_complaint_and_report_become_handoff_without_gap[\u6211\u8981\u6295\u8bc9]" time="0.203" /><testcase classname="apps.api.tests.test_handoff_tickets_integration" name="test_complaint_and_report_become_handoff_without_gap[\u4e3e\u62a5\u8fd9\u4e2a\u5356\u5bb6]" time="0.243" /><testcase classname="apps.api.tests.test_health" name="test_health_route_is_registered" time="0.008" /><testcase classname="apps.api.tests.test_health" name="test_health_returns_503_when_db_unreachable" time="3.080" /><testcase classname="apps.api.tests.test_health" name="test_health_failure_leaks_no_connection_details" time="3.093" /><testcase classname="apps.api.tests.test_image_integration" name="test_register_image_requires_login_and_validates_upload" time="0.986" /><testcase classname="apps.api.tests.test_image_integration" name="test_registered_image_is_image_kind_with_byte_following_key" time="0.241" /><testcase classname="apps.api.tests.test_image_integration" name="test_image_without_vlm_key_has_no_draft_and_text_endpoint_409" time="0.225" /><testcase classname="apps.api.tests.test_image_integration" name="test_vlm_draft_lands_in_extracted_but_never_enters_index" time="0.236" /><testcase classname="apps.api.tests.test_image_integration" name="test_vlm_failure_is_no_draft_and_registration_still_succeeds" time="0.228" /><testcase classname="apps.api.tests.test_image_integration" name="test_confirmed_description_is_indexed_and_question_hits_with_citation" time="0.368" /><testcase classname="apps.api.tests.test_image_integration" name="test_unconfirmed_image_is_not_retrievable" time="0.263" /><testcase classname="apps.api.tests.test_image_integration" name="test_product_assets_aggregates_kinds_and_requires_login" time="0.395" /><testcase classname="apps.api.tests.test_image_integration" name="test_product_assets_excludes_discarded_and_published_flag" time="0.307" /><testcase classname="apps.api.tests.test_image_integration" name="test_replace_image_bytes_reruns_draft_and_rejects_text" time="0.275" /><testcase classname="apps.api.tests.test_knowledge_gaps" name="test_normalize_strips_surrounding_whitespace" time="0.000" /><testcase classname="apps.api.tests.test_knowledge_gaps" name="test_normalize_removes_trailing_fullwidth_question_mark" time="0.000" /><testcase classname="apps.api.tests.test_knowledge_gaps" name="test_normalize_removes_trailing_halfwidth_question_mark" time="0.000" /><testcase classname="apps.api.tests.test_knowledge_gaps" name="test_normalize_removes_trailing_punctuation_run" time="0.000" /><testcase classname="apps.api.tests.test_knowledge_gaps" name="test_normalize_keeps_internal_punctuation_but_unifies_width" time="0.000" /><testcase classname="apps.api.tests.test_knowledge_gaps" name="test_normalize_does_not_touch_letters_digits_or_head_punctuation" time="0.000" /><testcase classname="apps.api.tests.test_knowledge_gaps" name="test_normalize_all_punctuation_question_to_empty" time="0.000" /><testcase classname="apps.api.tests.test_lifecycle_exits" name="test_replace_bytes_allows_unpublished_pending_version" time="0.000" /><testcase classname="apps.api.tests.test_lifecycle_exits" name="test_replace_bytes_allows_unpublished_revision_on_published_asset" time="0.000" /><testcase classname="apps.api.tests.test_lifecycle_exits" name="test_replace_bytes_rejects_published_version" time="0.000" /><testcase classname="apps.api.tests.test_lifecycle_exits" name="test_replace_bytes_rejects_pointer_version_even_if_unpublished" time="0.000" /><testcase classname="apps.api.tests.test_lifecycle_exits" name="test_v1_unpublished_new_asset_is_not_revision" time="0.000" /><testcase classname="apps.api.tests.test_lifecycle_exits" name="test_unpublished_v2_is_revision" time="0.000" /><testcase classname="apps.api.tests.test_lifecycle_exits" name="test_v1_with_publish_history_is_revision" time="0.000" /><testcase classname="apps.api.tests.test_lifecycle_exits" name="test_discard_allows_ingested_never_published" time="0.000" /><testcase classname="apps.api.tests.test_lifecycle_exits" name="test_discard_rejects_when_any_version_was_published" time="0.000" /><testcase classname="apps.api.tests.test_lifecycle_exits" name="test_discard_rejects_non_ingested_status" time="0.000" /><testcase classname="apps.api.tests.test_lifecycle_exits" name="test_discard_rejects_when_pointer_set" time="0.000" /><testcase classname="apps.api.tests.test_lifecycle_exits" name="test_swap_version_bytes_writes_new_key_and_deletes_old" time="0.006" /><testcase classname="apps.api.tests.test_lifecycle_exits" name="test_swap_version_bytes_key_shape_follows_kind" time="0.003" /><testcase classname="apps.api.tests.test_lifecycle_exits" name="test_delete_version_bytes_removes_every_key" time="0.005" /><testcase classname="apps.api.tests.test_lifecycle_exits" name="test_delete_version_bytes_idempotent_on_missing_key" time="0.002" /><testcase classname="apps.api.tests.test_lifecycle_exits" name="test_can_publish_rejects_discarded_asset" time="0.000" /><testcase classname="apps.api.tests.test_lifecycle_exits" name="test_replace_bytes_rejects_discarded_asset" time="0.000" /><testcase classname="apps.api.tests.test_lifecycle_exits_integration" name="test_lifecycle_exit_write_endpoints_require_login" time="0.659" /><testcase classname="apps.api.tests.test_lifecycle_exits_integration" name="test_replace_revision_bytes_reruns_wash_then_publish" time="0.371" /><testcase classname="apps.api.tests.test_lifecycle_exits_integration" name="test_replace_bytes_rejects_published_and_validates_upload" time="0.349" /><testcase classname="apps.api.tests.test_lifecycle_exits_integration" name="test_replace_bytes_with_bad_utf8_stops_at_ingested_retryable" time="0.243" /><testcase classname="apps.api.tests.test_lifecycle_exits_integration" name="test_discard_revision_unlocks_rollback_and_reopen" time="0.436" /><testcase classname="apps.api.tests.test_lifecycle_exits_integration" name="test_discard_revision_rejects_v1_new_asset" time="0.212" /><testcase classname="apps.api.tests.test_lifecycle_exits_integration" name="test_discard_failed_asset_hides_from_list_and_cleans_bytes" time="0.326" /><testcase classname="apps.api.tests.test_lifecycle_exits_integration" name="test_discard_asset_state_machine_boundaries" time="0.405" /><testcase classname="apps.api.tests.test_lineage" name="test_assemble_aggregates_three_sources_in_order" time="0.001" /><testcase classname="apps.api.tests.test_lineage" name="test_writeback_product_null_for_unlinked_asset" time="0.000" /><testcase classname="apps.api.tests.test_lineage" name="test_rollback_moves_product_so_it_is_a_writeback" time="0.000" /><testcase classname="apps.api.tests.test_lineage" name="test_writeback_fields_empty_for_version_without_confirmed" time="0.000" /><testcase classname="apps.api.tests.test_lineage" name="test_empty_usages_is_the_empty_state" time="0.000" /><testcase classname="apps.api.tests.test_lineage" name="test_exports_block_from_audit_rows" time="0.000" /><testcase classname="apps.api.tests.test_lineage" name="test_question_and_prompt_truncated_to_60_chars" time="0.000" /><testcase classname="apps.api.tests.test_lineage" name="test_citation_samples_capped_at_sample_limit" time="0.000" /><testcase classname="apps.api.tests.test_lineage" name="test_missing_question_falls_back_to_dash" time="0.000" /><testcase classname="apps.api.tests.test_lineage" name="test_citation_row_without_our_asset_version_is_skipped" time="0.000" /><testcase classname="apps.api.tests.test_lineage" name="test_coaching_record_without_version_in_key_is_skipped" time="0.000" /><testcase classname="apps.api.tests.test_lineage" name="test_citation_queries_push_down_jsonb_containment" time="0.004" /><testcase classname="apps.api.tests.test_lineage" name="test_coaching_query_pushes_down_question_key_containment" time="0.001" /><testcase classname="apps.api.tests.test_lineage_integration" name="test_lineage_document_citations_and_writebacks" time="1.125" /><testcase classname="apps.api.tests.test_lineage_integration" name="test_lineage_citations_isolated_across_assets" time="0.410" /><testcase classname="apps.api.tests.test_lineage_integration" name="test_lineage_writebacks_include_rollback_with_target_version_fields" time="0.345" /><testcase classname="apps.api.tests.test_lineage_integration" name="test_lineage_dialogue_coaching_and_citations" time="0.405" /><testcase classname="apps.api.tests.test_lineage_integration" name="test_lineage_unused_asset_empty_state" time="0.220" /><testcase classname="apps.api.tests.test_lineage_integration" name="test_lineage_requires_login_and_404" time="0.244" /><testcase classname="apps.api.tests.test_llm" name="test_build_prompts_marks_sources_and_includes_field_values" time="0.000" /><testcase classname="apps.api.tests.test_llm" name="test_build_prompts_title_optional_and_redacted" time="0.000" /><testcase classname="apps.api.tests.test_llm" name="test_build_prompts_caps_evidence_and_never_touches_credentials" time="0.000" /><testcase classname="apps.api.tests.test_llm" name="test_llm_error_hierarchy_lets_caller_catch_once" time="0.000" /><testcase classname="apps.api.tests.test_llm" name="test_stream_chat_without_key_raises_not_configured" time="0.003" /><testcase classname="apps.api.tests.test_llm" name="test_stream_chat_yields_text_pieces_with_chat_shape" time="0.005" /><testcase classname="apps.api.tests.test_llm" name="test_stream_chat_with_history_inserts_turn_messages" time="0.005" /><testcase classname="apps.api.tests.test_llm" name="test_stream_chat_sends_session_header_per_request" time="0.009" /><testcase classname="apps.api.tests.test_llm" name="test_stream_chat_wraps_create_errors_without_leaking" time="0.005" /><testcase classname="apps.api.tests.test_llm" name="test_stream_chat_wraps_midstream_errors_without_leaking" time="0.005" /><testcase classname="apps.api.tests.test_llm" name="test_stream_chat_records_provider_usage" time="0.006" /><testcase classname="apps.api.tests.test_llm" name="test_stream_chat_without_usage_records_nothing" time="0.005" /><testcase classname="apps.api.tests.test_llm" name="test_malformed_usage_never_breaks_the_stream[usage0]" time="0.005" /><testcase classname="apps.api.tests.test_llm" name="test_malformed_usage_never_breaks_the_stream[usage1]" time="0.005" /><testcase classname="apps.api.tests.test_llm" name="test_malformed_usage_never_breaks_the_stream[usage2]" time="0.005" /><testcase classname="apps.api.tests.test_llm" name="test_malformed_usage_does_not_mask_midstream_error" time="0.004" /><testcase classname="apps.api.tests.test_llm" name="test_complete_tool_proposal_records_usage" time="0.005" /><testcase classname="apps.api.tests.test_llm" name="test_complete_chat_aggregates_full_stream" time="0.004" /><testcase classname="apps.api.tests.test_llm" name="test_complete_chat_not_configured_raises" time="0.003" /><testcase classname="apps.api.tests.test_llm" name="test_complete_chat_wraps_stream_errors_without_leaking" time="0.004" /><testcase classname="apps.api.tests.test_llm" name="test_clients_are_per_event_loop_mixed_stream_and_complete" time="0.014" /><testcase classname="apps.api.tests.test_llm" name="test_build_prompts_title_is_structurally_neutralized" time="0.000" /><testcase classname="apps.api.tests.test_llm" name="test_build_prompts_question_line_uses_contact_mask" time="0.000" /><testcase classname="apps.api.tests.test_machine_wash" name="test_net_content[\u51c0\u542b\u91cf\uff1a550\u6beb\u5347-550\u6beb\u5347]" time="0.000" /><testcase classname="apps.api.tests.test_machine_wash" name="test_net_content[\u51c0\u542b\u91cf 500 ML-500ML]" time="0.000" /><testcase classname="apps.api.tests.test_machine_wash" name="test_net_content[\u51c0\u542b\u91cf\uff1a1.5L-1.5L]" time="0.000" /><testcase classname="apps.api.tests.test_machine_wash" name="test_net_content[\u51c0\u542b\u91cf\uff1a2\u5347-2\u5347]" time="0.000" /><testcase classname="apps.api.tests.test_machine_wash" name="test_net_content[\u51c0\u542b\u91cf 330ml\uff08\u4ee5\u6807\u7b7e\u4e3a\u51c6\uff09-330ml]" time="0.000" /><testcase classname="apps.api.tests.test_machine_wash" name="test_net_content[\u51c0\u542b\u91cf\uff1a500\u514b-500\u514b]" time="0.000" /><testcase classname="apps.api.tests.test_machine_wash" name="test_net_content[\u51c0\u542b\u91cf\uff1a0.75\u5343\u514b-0.75\u5343\u514b]" time="0.000" /><testcase classname="apps.api.tests.test_machine_wash" name="test_net_content[\u51c0\u542b\u91cf\uff1a750 g-750g]" time="0.000" /><testcase classname="apps.api.tests.test_machine_wash" name="test_net_content_abstains[\u672a\u6807\u6ce8\u51c0\u542b\u91cf]" time="0.000" /><testcase classname="apps.api.tests.test_machine_wash" name="test_net_content_abstains[\u51c0\u542b\u91cf\u4ee5\u5b9e\u7269\u4e3a\u51c6]" time="0.000" /><testcase classname="apps.api.tests.test_machine_wash" name="test_net_content_abstains[]" time="0.000" /><testcase classname="apps.api.tests.test_machine_wash" name="test_shelf_life[\u4fdd\u8d28\u671f\uff1a12\u4e2a\u6708-12\u4e2a\u6708]" time="0.000" /><testcase classname="apps.api.tests.test_machine_wash" name="test_shelf_life[\u4fdd\u8d28\u671f 18 \u4e2a\u6708-18\u4e2a\u6708]" time="0.000" /><testcase classname="apps.api.tests.test_machine_wash" name="test_shelf_life[\u4fdd\u8d28\u671f\uff1a30\u5929-30\u5929]" time="0.000" /><testcase classname="apps.api.tests.test_machine_wash" name="test_shelf_life[\u4fdd\u8d28\u671f 90\u65e5-90\u65e5]" time="0.000" /><testcase classname="apps.api.tests.test_machine_wash" name="test_shelf_life[\u4fdd\u8d28\u671f\uff1a2\u5e74-2\u5e74]" time="0.000" /><testcase classname="apps.api.tests.test_machine_wash" name="test_shelf_life[\u4fdd\u8d28\u671f\uff1a6\u6708-6\u6708]" time="0.000" /><testcase classname="apps.api.tests.test_machine_wash" name="test_shelf_life_abstains" time="0.000" /><testcase classname="apps.api.tests.test_machine_wash" name="test_shelf_life_skips_date_traps" time="0.000" /><testcase classname="apps.api.tests.test_machine_wash" name="test_material_explicit_patterns[\u676f\u8eab\u6750\u8d28\uff1a304\u4e0d\u9508\u94a2-304\u4e0d\u9508\u94a2]" time="0.000" /><testcase classname="apps.api.tests.test_machine_wash" name="test_material_explicit_patterns[\u6750\u8d28\u4e3a\u98df\u54c1\u7ea7\u7845\u80f6\u3002-\u98df\u54c1\u7ea7\u7845\u80f6]" time="0.000" /><testcase classname="apps.api.tests.test_machine_wash" name="test_material_explicit_patterns[\u6750\u8d28\u662f\u949b\u94a2\uff0c\u7ecf\u4e45\u8010\u7528-\u949b\u94a2]" time="0.000" /><testcase classname="apps.api.tests.test_machine_wash" name="test_material_explicit_patterns[\u676f\u8eab\u91c7\u7528304\u4e0d\u9508\u94a2\u6750\u8d28\u5236\u6210-304\u4e0d\u9508\u94a2]" time="0.000" /><testcase classname="apps.api.tests.test_machine_wash" name="test_material_explicit_patterns[\u949b\u94a2\u6750\u8d28-\u949b\u94a2]" time="0.000" /><testcase classname="apps.api.tests.test_machine_wash" name="test_material_explicit_patterns[\u6750\u8d28\uff1a316\u4e0d\u9508\u94a2-316\u4e0d\u9508\u94a2]" time="0.001" /><testcase classname="apps.api.tests.test_machine_wash" name="test_material_abstains[\u672a\u6807\u6ce8\u6750\u8d28\u724c\u53f7]" time="0.000" /><testcase classname="apps.api.tests.test_machine_wash" name="test_material_abstains[\u6750\u8d28\u724c\u53f7\u672a\u6807\u6ce8\uff0c\u8be6\u89c1\u540a\u724c]" time="0.000" /><testcase classname="apps.api.tests.test_machine_wash" name="test_material_abstains[\u6750\u8d28\u4fe1\u606f\u8be6\u89c1\u5916\u5305\u88c5]" time="0.000" /><testcase classname="apps.api.tests.test_machine_wash" name="test_material_abstains[\u9ad8\u787c\u7845\u73bb\u7483\uff0c\u53cc\u5c42\u7ed3\u6784]" time="0.000" /><testcase classname="apps.api.tests.test_machine_wash" name="test_material_abstains[\u6750\u8d28\uff1a\u672a\u6807\u6ce8\u6750\u8d28\u4fe1\u606f]" time="0.000" /><testcase classname="apps.api.tests.test_machine_wash" name="test_material_abstains[\u6750\u8d28\u4e3a\u4e0d\u8be6]" time="0.000" /><testcase classname="apps.api.tests.test_machine_wash" name="test_material_abstains[]" time="0.000" /><testcase classname="apps.api.tests.test_machine_wash" name="test_extract_fields_by_schema_keys" time="0.000" /><testcase classname="apps.api.tests.test_machine_wash" name="test_extract_fields_empty_schema_returns_empty" time="0.000" /><testcase classname="apps.api.tests.test_machine_wash" name="test_unknown_field_abstains" time="0.000" /><testcase classname="apps.api.tests.test_machine_wash" name="test_abstention_is_explicit_never_empty_string" time="0.000" /><testcase classname="apps.api.tests.test_machine_wash" name="test_parse_qa_output_accepts_plain_and_fenced_json" time="0.000" /><testcase classname="apps.api.tests.test_machine_wash" name="test_parse_qa_output_rejects_malformed[\u8fd9\u4e0d\u662fJSON]" time="0.000" /><testcase classname="apps.api.tests.test_machine_wash" name="test_parse_qa_output_rejects_malformed[{&quot;q&quot;: &quot;\u5bf9\u8c61\u4e0d\u662f\u6570\u7ec4&quot;}]" time="0.000" /><testcase classname="apps.api.tests.test_machine_wash" name="test_parse_qa_output_rejects_malformed[[{}]]" time="0.000" /><testcase classname="apps.api.tests.test_machine_wash" name="test_parse_qa_output_rejects_malformed[[{&quot;q&quot;: &quot;\u6709\u95ee\u9898&quot;, &quot;a&quot;: &quot;  &quot;}]]" time="0.000" /><testcase classname="apps.api.tests.test_machine_wash" name="test_parse_qa_output_rejects_malformed[[{&quot;q&quot;: 1, &quot;a&quot;: &quot;\u7b54&quot;}]]" time="0.000" /><testcase classname="apps.api.tests.test_machine_wash" name="test_parse_qa_output_rejects_malformed[[null]]" time="0.000" /><testcase classname="apps.api.tests.test_machine_wash" name="test_parse_qa_output_rejects_malformed[]" time="0.000" /><testcase classname="apps.api.tests.test_machine_wash" name="test_extract_qa_draft_returns_machine_value" time="0.001" /><testcase classname="apps.api.tests.test_machine_wash" name="test_extract_qa_draft_empty_array_abstains" time="0.001" /><testcase classname="apps.api.tests.test_machine_wash" name="test_extract_qa_draft_not_configured_degrades_to_abstain" time="0.001" /><testcase classname="apps.api.tests.test_machine_wash" name="test_extract_qa_draft_llm_failure_is_retryable_wash_error" time="0.001" /><testcase classname="apps.api.tests.test_machine_wash" name="test_extract_qa_draft_bad_output_is_retryable_wash_error" time="0.001" /><testcase classname="apps.api.tests.test_machine_wash" name="test_run_machine_wash_dialogue_field_set_uses_llm" time="0.001" /><testcase classname="apps.api.tests.test_machine_wash" name="test_run_machine_wash_document_set_never_calls_llm" time="0.000" /><testcase classname="apps.api.tests.test_machine_wash" name="test_run_machine_wash_dispatch_is_by_kind_not_field_name" time="0.000" /><testcase classname="apps.api.tests.test_machine_wash" name="test_validate_qa_pairs_shape_and_errors" time="0.000" /><testcase classname="apps.api.tests.test_machine_wash" name="test_redact_contact_masks_number_forms[13800138000-1********00]" time="0.000" /><testcase classname="apps.api.tests.test_machine_wash" name="test_redact_contact_masks_number_forms[138-0013-8000-1********00]" time="0.000" /><testcase classname="apps.api.tests.test_machine_wash" name="test_redact_contact_masks_number_forms[010-12345678-0********78]" time="0.000" /><testcase classname="apps.api.tests.test_machine_wash" name="test_redact_contact_masks_number_forms[021 6234 5678-0********78]" time="0.000" /><testcase classname="apps.api.tests.test_machine_wash" name="test_redact_contact_masks_number_forms[+86 138 0013 8000-+8**********00]" time="0.000" /><testcase classname="apps.api.tests.test_machine_wash" name="test_redact_contact_masks_email_forms[ab@x.co-****@x.co]" time="0.000" /><testcase classname="apps.api.tests.test_machine_wash" name="test_redact_contact_masks_email_forms[a@b.cn-****@b.cn]" time="0.000" /><testcase classname="apps.api.tests.test_machine_wash" name="test_redact_contact_masks_email_forms[lisi@example.com-****@example.com]" time="0.000" /><testcase classname="apps.api.tests.test_machine_wash" name="test_redact_contact_masks_note_with_mixed_pii" time="0.000" /><testcase classname="apps.api.tests.test_machine_wash" name="test_redact_contact_keeps_short_numbers_and_none" time="0.000" /><testcase classname="apps.api.tests.test_material" name="test_templates_three_keys_and_names" time="0.000" /><testcase classname="apps.api.tests.test_material" name="test_validate_template" time="0.000" /><testcase classname="apps.api.tests.test_material" name="test_generation_system_prompt_is_template_derived" time="0.000" /><testcase classname="apps.api.tests.test_material" name="test_build_image_prompt_derives_from_template" time="0.000" /><testcase classname="apps.api.tests.test_material" name="test_build_image_prompt_masks_contact" time="0.000" /><testcase classname="apps.api.tests.test_material" name="test_image_size_for_template" time="0.000" /><testcase classname="apps.api.tests.test_material" name="test_image_title_and_description_preset" time="0.000" /><testcase classname="apps.api.tests.test_material" name="test_qc_prompt_contains_facts_and_copy" time="0.000" /><testcase classname="apps.api.tests.test_material" name="test_parse_qc_output_pass" time="0.000" /><testcase classname="apps.api.tests.test_material" name="test_parse_qc_output_fail_with_issues" time="0.000" /><testcase classname="apps.api.tests.test_material" name="test_parse_qc_output_strips_fence_and_blank_issues" time="0.000" /><testcase classname="apps.api.tests.test_material" name="test_parse_qc_output_bad_shapes_raise[\u8fd9\u6bb5\u6587\u6848\u4e0d\u9519\u3002]" time="0.000" /><testcase classname="apps.api.tests.test_material" name="test_parse_qc_output_bad_shapes_raise[[&quot;passed&quot;]]" time="0.000" /><testcase classname="apps.api.tests.test_material" name="test_parse_qc_output_bad_shapes_raise[{&quot;issues&quot;: []}]" time="0.000" /><testcase classname="apps.api.tests.test_material" name="test_parse_qc_output_bad_shapes_raise[{&quot;passed&quot;: &quot;yes&quot;, &quot;issues&quot;: []}]" time="0.000" /><testcase classname="apps.api.tests.test_material" name="test_parse_qc_output_bad_shapes_raise[{&quot;passed&quot;: true, &quot;issues&quot;: &quot;\u6ca1\u6709\u95ee\u9898&quot;}]" time="0.000" /><testcase classname="apps.api.tests.test_material" name="test_parse_qc_output_bad_shapes_raise[{&quot;passed&quot;: true, &quot;issues&quot;: [1]}]" time="0.000" /><testcase classname="apps.api.tests.test_material" name="test_qc_pass" time="0.000" /><testcase classname="apps.api.tests.test_material" name="test_qc_empty_content" time="0.000" /><testcase classname="apps.api.tests.test_material" name="test_qc_empty_title_and_none_content" time="0.000" /><testcase classname="apps.api.tests.test_material" name="test_qc_total_length_cap" time="0.000" /><testcase classname="apps.api.tests.test_material" name="test_qc_boundary_exactly_2000_passes" time="0.000" /><testcase classname="apps.api.tests.test_material" name="test_qc_content_must_contain_product_name" time="0.000" /><testcase classname="apps.api.tests.test_material" name="test_parse_plain_json" time="0.000" /><testcase classname="apps.api.tests.test_material" name="test_parse_strips_code_fence" time="0.000" /><testcase classname="apps.api.tests.test_material" name="test_parse_bad_output_raises[\u62b1\u6b49\uff0c\u6211\u4e0d\u786e\u5b9a\u8be5\u5199\u4ec0\u4e48\u3002]" time="0.000" /><testcase classname="apps.api.tests.test_material" name="test_parse_bad_output_raises[[&quot;\u6807\u9898&quot;, &quot;\u6b63\u6587&quot;]]" time="0.000" /><testcase classname="apps.api.tests.test_material" name="test_parse_bad_output_raises[{&quot;title&quot;: &quot;\u53ea\u6709\u6807\u9898&quot;}]" time="0.000" /><testcase classname="apps.api.tests.test_material" name="test_parse_bad_output_raises[{&quot;title&quot;: &quot;  &quot;, &quot;content&quot;: &quot;\u6b63\u6587&quot;}]" time="0.000" /><testcase classname="apps.api.tests.test_material" name="test_parse_bad_output_raises[{&quot;title&quot;: &quot;\u6807\u9898&quot;, &quot;content&quot;: 42}]" time="0.000" /><testcase classname="apps.api.tests.test_material" name="test_redact_phone_keeps_head_and_tail" time="0.000" /><testcase classname="apps.api.tests.test_material" name="test_redact_email_masks_local_keeps_domain" time="0.000" /><testcase classname="apps.api.tests.test_material" name="test_redact_no_pii_untouched_and_idempotent" time="0.000" /><testcase classname="apps.api.tests.test_material" name="test_redact_phone_variants[\u7535\u8bdd13812345678]" time="0.000" /><testcase classname="apps.api.tests.test_material" name="test_redact_phone_variants[\u5c3e\u53f713987654321\u3002]" time="0.000" /><testcase classname="apps.api.tests.test_material" name="test_redact_phone_variants[15012345678@dingtalk.com]" time="0.000" /><testcase classname="apps.api.tests.test_material" name="test_redact_rejects_12_digit_run" time="0.000" /><testcase classname="apps.api.tests.test_material" name="test_prompt_input_is_redacted" time="0.000" /><testcase classname="apps.api.tests.test_material" name="test_parsed_qa_values_are_redacted" time="0.000" /><testcase classname="apps.api.tests.test_material" name="test_document_field_values_are_redacted" time="0.000" /><testcase classname="apps.api.tests.test_material" name="test_generation_prompt_masks_product_text" time="0.000" /><testcase classname="apps.api.tests.test_material" name="test_run_illegal_from[running]" time="0.000" /><testcase classname="apps.api.tests.test_material" name="test_run_illegal_from[pending_qc]" time="0.000" /><testcase classname="apps.api.tests.test_material" name="test_run_illegal_from[registered]" time="0.000" /><testcase classname="apps.api.tests.test_material" name="test_approve_illegal_from[queued]" time="0.000" /><testcase classname="apps.api.tests.test_material" name="test_approve_illegal_from[running]" time="0.000" /><testcase classname="apps.api.tests.test_material" name="test_approve_illegal_from[registered]" time="0.000" /><testcase classname="apps.api.tests.test_material" name="test_reject_illegal_from[queued]" time="0.000" /><testcase classname="apps.api.tests.test_material" name="test_reject_illegal_from[running]" time="0.000" /><testcase classname="apps.api.tests.test_material" name="test_reject_illegal_from[registered]" time="0.000" /><testcase classname="apps.api.tests.test_material" name="test_retry_illegal_from[queued]" time="0.000" /><testcase classname="apps.api.tests.test_material" name="test_retry_illegal_from[running]" time="0.000" /><testcase classname="apps.api.tests.test_material" name="test_retry_illegal_from[pending_qc]" time="0.000" /><testcase classname="apps.api.tests.test_material" name="test_retry_illegal_from[registered]" time="0.000" /><testcase classname="apps.api.tests.test_material" name="test_reject_pending_qc_marks_manual_failure" time="0.000" /><testcase classname="apps.api.tests.test_material" name="test_run_queued_to_pending_qc" time="0.002" /><testcase classname="apps.api.tests.test_material" name="test_run_uses_template_system_prompt" time="0.001" /><testcase classname="apps.api.tests.test_material" name="test_retry_enters_run_from_failed_state_not_queued" time="0.000" /><testcase classname="apps.api.tests.test_material" name="test_qc_uses_truncated_title_matching_persisted_value" time="0.001" /><testcase classname="apps.api.tests.test_material" name="test_run_llm_error_fails_without_fallback[error0]" time="0.001" /><testcase classname="apps.api.tests.test_material" name="test_run_llm_error_fails_without_fallback[error1]" time="0.001" /><testcase classname="apps.api.tests.test_material" name="test_run_bad_output_fails" time="0.001" /><testcase classname="apps.api.tests.test_material" name="test_run_qc_violation_records_rule_items" time="0.001" /><testcase classname="apps.api.tests.test_material" name="test_llm_qc_fail_blocks_pending_qc" time="0.001" /><testcase classname="apps.api.tests.test_material" name="test_llm_qc_unparseable_output_fails_closed" time="0.002" /><testcase classname="apps.api.tests.test_material" name="test_llm_qc_unavailable_fails_closed" time="0.001" /><testcase classname="apps.api.tests.test_material" name="test_llm_qc_fail_skips_image_step" time="0.001" /><testcase classname="apps.api.tests.test_material" name="test_image_step_no_key_skips_honestly" time="0.002" /><testcase classname="apps.api.tests.test_material" name="test_image_step_success_stages_bytes" time="0.002" /><testcase classname="apps.api.tests.test_material" name="test_image_step_failure_does_not_fail_task" time="0.001" /><testcase classname="apps.api.tests.test_material" name="test_image_step_not_requested_never_called" time="0.001" /><testcase classname="apps.api.tests.test_material" name="test_image_step_retry_replaces_stale_bytes" time="0.002" /><testcase classname="apps.api.tests.test_material" name="test_retry_reruns_failed_task" time="0.001" /><testcase classname="apps.api.tests.test_material_integration" name="test_full_loop_generate_approve_publish_and_retrieval" time="1.104" /><testcase classname="apps.api.tests.test_material_integration" name="test_reject_retry_then_approve" time="0.272" /><testcase classname="apps.api.tests.test_material_integration" name="test_list_tasks_batches_product_names" time="0.229" /><testcase classname="apps.api.tests.test_material_integration" name="test_no_llm_key_fails_without_fallback" time="0.246" /><testcase classname="apps.api.tests.test_material_integration" name="test_gate_and_error_contract" time="0.442" /><testcase classname="apps.api.te
[...]
test_stock_pattern_misses[\u4fdd\u6e29\u676f\u8fd8\u5269\u591a\u5c11\u6beb\u5347]" time="0.000" /><testcase classname="apps.api.tests.test_stock_tools" name="test_stock_pattern_misses[\u5e93\u5b58\u653f\u7b56\u662f\u4ec0\u4e48]" time="0.000" /><testcase classname="apps.api.tests.test_stock_tools" name="test_stock_pattern_misses[]" time="0.000" /><testcase classname="apps.api.tests.test_stock_tools" name="test_match_product_lcs_from_longer_name" time="0.000" /><testcase classname="apps.api.tests.test_stock_tools" name="test_match_product_exact_and_miss" time="0.000" /><testcase classname="apps.api.tests.test_stock_tools" name="test_match_product_longest_then_smallest_id" time="0.000" /><testcase classname="apps.api.tests.test_stock_tools" name="test_get_stock_found_with_value_and_none" time="0.000" /><testcase classname="apps.api.tests.test_stock_tools" name="test_get_stock_db_error_swallowed" time="0.000" /><testcase classname="apps.api.tests.test_stock_tools" name="test_query_stock_hit_and_miss" time="0.000" /><testcase classname="apps.api.tests.test_stock_tools" name="test_query_stock_list_error_swallowed" time="0.000" /><testcase classname="apps.api.tests.test_stock_tools" name="test_summarize_stock_result" time="0.000" /><testcase classname="apps.api.tests.test_stock_tools" name="test_render_stock_answer_templates" time="0.000" /><testcase classname="apps.api.tests.test_stock_tools" name="test_render_stock_handoff_content" time="0.000" /><testcase classname="apps.api.tests.test_stock_tools" name="test_run_ask_stock_in_stock_answer" time="0.003" /><testcase classname="apps.api.tests.test_stock_tools" name="test_run_ask_stock_zero_is_factual_answer" time="0.003" /><testcase classname="apps.api.tests.test_stock_tools" name="test_run_ask_stock_null_handoff_without_gap" time="0.002" /><testcase classname="apps.api.tests.test_stock_tools" name="test_run_ask_stock_word_hit_product_miss_falls_back_to_retrieval" time="0.005" /><testcase classname="apps.api.tests.test_stock_tools" name="test_run_ask_stock_error_handoff" time="0.002" /><testcase classname="apps.api.tests.test_stock_tools" name="test_run_ask_narrowed_words_never_touch_stock_tool" time="0.004" /><testcase classname="apps.api.tests.test_stock_tools" name="test_run_ask_order_takes_priority_over_stock" time="0.002" /><testcase classname="apps.api.tests.test_stock_tools" name="test_run_ask_non_stock_never_touches_stock_tool" time="0.002" /><testcase classname="apps.api.tests.test_stock_tools" name="test_sse_stream_stock_path_events" time="0.000" /><testcase classname="apps.api.tests.test_stock_tools" name="test_sse_stream_order_thinking_not_regressed" time="0.000" /><testcase classname="apps.api.tests.test_stock_tools" name="test_stock_router_hit_without_lookup_falls_through" time="0.000" /><testcase classname="apps.api.tests.test_stock_tools" name="test_stock_pattern_routes_sellout_forms" time="0.000" /><testcase classname="apps.api.tests.test_stock_tools" name="test_category_stock_respects_purity_gate" time="0.001" /><testcase classname="apps.api.tests.test_stock_tools" name="test_category_stock_accepts_common_question_forms[\u4f60\u4eec\u6709\u7b14\u8bb0\u672c\u5417\uff1f]" time="0.000" /><testcase classname="apps.api.tests.test_stock_tools" name="test_category_stock_accepts_common_question_forms[\u7b14\u8bb0\u672c\u6709\u8d27\u5417\uff1f]" time="0.000" /><testcase classname="apps.api.tests.test_stock_tools" name="test_category_stock_accepts_common_question_forms[\u7b14\u8bb0\u672c\u8fd8\u6709\u8d27\u5417\uff1f]" time="0.000" /><testcase classname="apps.api.tests.test_stock_tools" name="test_category_stock_accepts_common_question_forms[\u7b14\u8bb0\u672c\u8fd8\u6709\u73b0\u8d27\u5417\uff1f]" time="0.000" /><testcase classname="apps.api.tests.test_stock_tools" name="test_category_stock_accepts_common_question_forms[\u7b14\u8bb0\u672c\u7535\u8111\u6709\u6ca1\u6709\u8d27]" time="0.000" /><testcase classname="apps.api.tests.test_stock_tools" name="test_category_stock_accepts_common_question_forms[\u5e97\u91cc\u6709\u7b14\u8bb0\u672c\u5356\u5417]" time="0.000" /><testcase classname="apps.api.tests.test_stock_tools" name="test_category_stock_accepts_common_question_forms[\u4f60\u4eec\u5e97\u91cc\u6709\u7b14\u8bb0\u672c\u5417\uff1f]" time="0.000" /><testcase classname="apps.api.tests.test_stock_tools" name="test_category_stock_accepts_common_question_forms[\u7b14\u8bb0\u672c\u6ca1\u6709\u8d27\u5417\uff1f]" time="0.000" /><testcase classname="apps.api.tests.test_stock_tools" name="test_category_stock_accepts_common_question_forms[\u7b14\u8bb0\u672c\u90fd\u5356\u5b8c\u4e86\u5417\uff1f]" time="0.000" /><testcase classname="apps.api.tests.test_stock_tools" name="test_category_stock_accepts_common_question_forms[\u7b14\u8bb0\u672c\u5356\u5149\u4e86\u8fd8\u6709\u5417\uff1f]" time="0.000" /><testcase classname="apps.api.tests.test_stock_tools" name="test_category_stock_accepts_common_question_forms[\u7b14\u8bb0\u672c\u5356\u5149\u4e86\u6ca1]" time="0.000" /><testcase classname="apps.api.tests.test_stock_tools" name="test_category_stock_accepts_common_question_forms[\u7b14\u8bb0\u672c\u8fd8\u6709\u4e48]" time="0.000" /><testcase classname="apps.api.tests.test_stock_tools" name="test_category_stock_accepts_common_question_forms[\u7b14\u8bb0\u672c\u8fd8\u6709\u5462]" time="0.000" /><testcase classname="apps.api.tests.test_stock_tools" name="test_category_stock_accepts_common_question_forms[\u7b14\u8bb0\u672c\u5168\u5356\u5b8c\u4e86\u5427]" time="0.000" /><testcase classname="apps.api.tests.test_stock_tools" name="test_category_stock_accepts_common_question_forms[\u7b14\u8bb0\u672c\u4e00\u53f0\u90fd\u5356\u5149\u4e86\u5417]" time="0.000" /><testcase classname="apps.api.tests.test_stock_tools" name="test_audit13_wordlist_gaps_answer_now[\u7ecf\u6d4e\u5b66\u539f\u7406\u8fd9\u672c\u4e66\u6709\u8d27\u5417\uff1f-\u7ecf\u6d4e\u5b66\u539f\u7406]" time="0.001" /><testcase classname="apps.api.tests.test_stock_tools" name="test_audit13_wordlist_gaps_answer_now[\u5360\u535c\u4e66\u90a3\u672c\u4e66\u6709\u8d27\u5417\uff1f-\u5360\u535c\u4e66]" time="0.001" /><testcase classname="apps.api.tests.test_stock_tools" name="test_audit13_wordlist_gaps_answer_now[\u7b14\u8bb0\u672c\u7535\u8111\u552e\u7f44\u4e86\u5417-\u7b14\u8bb0\u672c\u7535\u8111]" time="0.001" /><testcase classname="apps.api.tests.test_stock_tools" name="test_audit13_wordlist_gaps_answer_now[\u5f69\u7535\u65ad\u8d27\u4e86\u5417-\u7535\u89c6\u673a]" time="0.000" /><testcase classname="apps.api.tests.test_stock_tools" name="test_audit13_wordlist_gaps_answer_now[\u7b14\u8bb0\u672c\u5e93\u5b58\u591a\u5417-\u7b14\u8bb0\u672c\u7535\u8111]" time="0.000" /><testcase classname="apps.api.tests.test_stock_tools" name="test_audit13_wordlist_gaps_answer_now[\u8fd9\u4e2a\u4fdd\u6e29\u676f\u8fd8\u6709\u8d27\u5417-\u949b\u94a2\u4fdd\u6e29\u676f]" time="0.000" /><testcase classname="apps.api.tests.test_stock_tools" name="test_audit13_wordlist_gaps_answer_now[\u8fd9\u53f0\u7b14\u8bb0\u672c\u7535\u8111\u6709\u8d27\u5417-\u7b14\u8bb0\u672c\u7535\u8111]" time="0.000" /><testcase classname="apps.api.tests.test_stock_tools" name="test_audit13_wordlist_negatives_still_refuse[\u7535\u8111\u684c\u552e\u7f44\u4e86\u5417]" time="0.000" /><testcase classname="apps.api.tests.test_stock_tools" name="test_audit13_wordlist_negatives_still_refuse[\u4e8c\u624b\u624b\u673a\u65ad\u8d27\u4e86\u5417]" time="0.000" /><testcase classname="apps.api.tests.test_stock_tools" name="test_audit13_wordlist_negatives_still_refuse[\u90a3\u4e2a\u624b\u673a\u58f3\u6709\u8d27\u5417]" time="0.000" /><testcase classname="apps.api.tests.test_stock_tools" name="test_proposal_get_stock_gates_on_original_question" time="0.000" /><testcase classname="apps.api.tests.test_stock_tools" name="test_stock_router_widens_question_tail_to_me_ne" time="0.000" /><testcase classname="apps.api.tests.test_stock_tools" name="test_single_product_stock_has_purity_gate" time="0.000" /><testcase classname="apps.api.tests.test_stock_tools" name="test_category_stock_blocks_modifier_questions_with_sellout_forms" time="0.000" /><testcase classname="apps.api.tests.test_stock_tools" name="test_category_stock_wins_over_single_product_with_category_in_name" time="0.000" /><testcase classname="apps.api.tests.test_stock_tools" name="test_stock_residual_is_pure_function" time="0.000" /><testcase classname="apps.api.tests.test_stock_tools" name="test_category_stock_renders_fact_answer" time="0.000" /><testcase classname="apps.api.tests.test_stock_tools_integration" name="test_seed_stock_backfilled" time="0.707" /><testcase classname="apps.api.tests.test_stock_tools_integration" name="test_seed_startup_data_idempotent_for_stock" time="0.213" /><testcase classname="apps.api.tests.test_stock_tools_integration" name="test_seed_backfills_null_stock_existing_row" time="0.171" /><testcase classname="apps.api.tests.test_stock_tools_integration" name="test_stock_in_stock_full_event_sequence" time="0.309" /><testcase classname="apps.api.tests.test_stock_tools_integration" name="test_stock_zero_is_factual_answer" time="0.212" /><testcase classname="apps.api.tests.test_stock_tools_integration" name="test_stock_null_handoff" time="0.709" /><testcase classname="apps.api.tests.test_stock_tools_integration" name="test_stock_word_hit_product_miss_falls_back_to_retrieval_refusal" time="0.428" /><testcase classname="apps.api.tests.test_stock_tools_integration" name="test_spec_question_still_retrieves" time="0.315" /><testcase classname="apps.api.tests.test_stock_tools_integration" name="test_stock_policy_question_hits_published_policy_doc" time="0.263" /><testcase classname="apps.api.tests.test_stock_tools_integration" name="test_remaining_capacity_question_retrieves_not_stock_tool" time="0.213" /><testcase classname="apps.api.tests.test_stock_tools_integration" name="test_order_question_still_order_tool" time="0.234" /><testcase classname="apps.api.tests.test_stock_tools_integration" name="test_customer_channel_stock_same_shape" time="0.080" /><testcase classname="apps.api.tests.test_synonym_wiring" name="test_synonym_query_hits_block_with_rotated_word" time="0.001" /><testcase classname="apps.api.tests.test_synonym_wiring" name="test_rotation_direction_is_pinned_by_miss" time="0.001" /><testcase classname="apps.api.tests.test_synonym_wiring" name="test_no_synonym_query_has_zero_drift" time="0.000" /><testcase classname="apps.api.tests.test_synonym_wiring" name="test_retrieve_output_identical_for_synonym_free_query" time="0.002" /><testcase classname="apps.api.tests.test_synonym_wiring" name="test_empty_query_stays_empty" time="0.000" /><testcase classname="apps.api.tests.test_synonym_wiring" name="test_pronoun_concatenated_query_normalized_via_retrieve" time="0.001" /><testcase classname="apps.api.tests.test_system_loop" name="test_governance_flywheel_full_loop" time="1.442" /><testcase classname="apps.api.tests.test_vendor_llm_integration" name="test_vendor_stream_answer_citations_and_prompts" time="1.210" /><testcase classname="apps.api.tests.test_vendor_llm_integration" name="test_vendor_failure_falls_back_to_template" time="0.291" /><testcase classname="apps.api.tests.test_vendor_llm_integration" name="test_empty_api_key_falls_back_to_template" time="0.269" /><testcase classname="apps.api.tests.test_vendor_llm_integration" name="test_no_evidence_never_calls_llm" time="0.263" /><testcase classname="apps.api.tests.test_video_compose" name="test_validate_template_accepts_two_keys" time="0.001" /><testcase classname="apps.api.tests.test_video_compose" name="test_validate_template_rejects_unknown" time="0.000" /><testcase classname="apps.api.tests.test_video_compose" name="test_estimate_clip_seconds_clamps_to_window" time="0.000" /><testcase classname="apps.api.tests.test_video_compose" name="test_clip_seconds_prefers_measured" time="0.000" /><testcase classname="apps.api.tests.test_video_compose" name="test_rank_clips_matched_first_stable" time="0.000" /><testcase classname="apps.api.tests.test_video_compose" name="test_build_timeline_highlight_leads_with_clips" time="0.000" /><testcase classname="apps.api.tests.test_video_compose" name="test_build_timeline_min_duration_padded_by_images_texts" time="0.000" /><testcase classname="apps.api.tests.test_video_compose" name="test_build_timeline_insufficient_clips_note_honest" time="0.000" /><testcase classname="apps.api.tests.test_video_compose" name="test_build_timeline_caps_at_60s_by_dropping_tail" time="0.000" /><testcase classname="apps.api.tests.test_video_compose" name="test_build_timeline_product_intro_interleaves_text_image" time="0.000" /><testcase classname="apps.api.tests.test_video_compose" name="test_build_timeline_no_material_raises" time="0.000" /><testcase classname="apps.api.tests.test_video_compose" name="test_build_timeline_fill_with_images_texts_when_clips_missing" time="0.000" /><testcase classname="apps.api.tests.test_video_compose" name="test_timeline_item_shape" time="0.000" /><testcase classname="apps.api.tests.test_video_compose" name="test_compose_title_preset" time="0.000" /><testcase classname="apps.api.tests.test_video_compose" name="test_timeline_content_joins_text_points" time="0.000" /><testcase classname="apps.api.tests.test_video_compose" name="test_timeline_content_falls_back_to_clips" time="0.000" /><testcase classname="apps.api.tests.test_video_compose" name="test_filter_contains_watermark_subtitles_and_crossfade" time="0.004" /><testcase classname="apps.api.tests.test_video_compose" name="test_filter_audio_chain_only_when_present" time="0.004" /><testcase classname="apps.api.tests.test_video_compose" name="test_draft_zip_structure_and_relative_paths" time="0.001" /><testcase classname="apps.api.tests.test_video_compose" name="test_draft_zip_without_tts_has_no_audio_track" time="0.001" /><testcase classname="apps.api.tests.test_video_compose.TestRealRender" name="test_render_without_tts_produces_silent_mp4" time="1.060" /><testcase classname="apps.api.tests.test_video_compose.TestRealRender" name="test_render_with_tts_produces_audio_stream" time="0.964" /><testcase classname="apps.api.tests.test_video_compose.TestRealRender" name="test_watermark_pixels_present_top_right" time="0.971" /><testcase classname="apps.api.tests.test_video_compose_integration" name="test_requires_login" time="0.734" /><testcase classname="apps.api.tests.test_video_compose_integration" name="test_plan_bad_template_and_missing_product" time="0.191" /><testcase classname="apps.api.tests.test_video_compose_integration" name="test_plan_without_published_material_422" time="0.237" /><testcase classname="apps.api.tests.test_video_compose_integration" name="test_full_loop_plan_preview_draft_publish" time="2.507" /><testcase classname="apps.api.tests.test_video_compose_integration" name="test_publish_without_upload_uses_preview_and_no_final" time="1.279" /><testcase classname="apps.api.tests.test_video_compose_integration" name="test_publish_rule_gate_blocks_content_without_product_name" time="1.080" /><testcase classname="apps.api.tests.test_video_compose_integration" name="test_publish_llm_gate_blocks_contradiction" time="1.436" /><testcase classname="apps.api.tests.test_video_compose_integration" name="test_tts_status_unconfigured" time="0.188" /><testcase classname="apps.api.tests.test_video_compose_integration" name="test_plan_with_tts_stub_produces_audio" time="1.599" /><testcase classname="apps.api.tests.test_video_compose_integration" name="test_plan_tts_failure_degrades_to_silent" time="1.387" /><testcase classname="apps.api.tests.test_video_compose_integration" name="test_unknown_task_404" time="0.234" /><testcase classname="apps.api.tests.test_vlm" name="test_image_mime_recognizes_three_formats_and_rejects_others" time="0.000" /><testcase classname="apps.api.tests.test_vlm" name="test_data_url_embeds_base64_and_rejects_unrecognized_bytes" time="0.000" /><testcase classname="apps.api.tests.test_vlm" name="test_build_messages_is_openai_vision_shape" time="0.000" /><testcase classname="apps.api.tests.test_vlm" name="test_settings_defaults_are_openai_compatible_vision_endpoint" time="0.001" /><testcase classname="apps.api.tests.test_vlm" name="test_get_client_without_key_never_builds_client" time="0.003" /><testcase classname="apps.api.tests.test_vlm" name="test_is_configured_true_with_key" time="0.001" /><testcase classname="apps.api.tests.test_vlm" name="test_describe_image_returns_trimmed_text_and_sends_payload" time="0.002" /><testcase classname="apps.api.tests.test_vlm" name="test_describe_image_empty_or_failed_is_honest_unavailable" time="0.003" /><testcase classname="apps.api.tests.test_vlm" name="test_describe_image_rejects_non_image_before_request" time="0.000" /><testcase classname="apps.api.tests.test_vlm" name="test_extract_image_description_abstains_without_key" time="0.002" /><testcase classname="apps.api.tests.test_vlm" name="test_extract_image_description_abstains_on_failure" time="0.000" /><testcase classname="apps.api.tests.test_vlm" name="test_extract_image_description_success_is_machine_draft_and_redacted" time="0.000" /><testcase classname="apps.api.tests.test_widget_embed" name="test_standalone_visit_is_unaffected" time="0.707" /><testcase classname="apps.api.tests.test_widget_embed" name="test_widget_origin_rejected_when_not_enabled" time="0.003" /><testcase classname="apps.api.tests.test_widget_embed" name="test_widget_origin_rejected_when_not_allowlisted" time="0.003" /><testcase classname="apps.api.tests.test_widget_embed" name="test_standalone_stray_visitor_header_is_ignored" time="0.032" /><testcase classname="apps.api.tests.test_widget_embed" name="test_widget_origin_allowlisted_creates_session" time="0.011" /><testcase classname="apps.api.tests.test_widget_embed" name="test_visitor_id_persisted_and_visible_to_operator" time="0.226" /><testcase classname="apps.api.tests.test_widget_embed" name="test_visitor_id_too_long_is_truncated" time="0.000" /><testcase classname="apps.api.tests.test_widget_embed" name="test_host_origin_persisted_and_visible_to_operator" time="0.220" /><testcase classname="apps.api.tests.test_widget_embed" name="test_host_origin_is_normalized" time="0.028" /><testcase classname="apps.api.tests.test_widget_embed" name="test_standalone_visit_has_no_host_origin" time="0.073" /><testcase classname="packages.platform.tests.test_local_storage" name="test_roundtrip_put_get_exists_delete" time="0.010" /><testcase classname="packages.platform.tests.test_local_storage" name="test_get_missing_raises_file_not_found" time="0.003" /><testcase classname="packages.platform.tests.test_local_storage" name="test_delete_missing_is_idempotent" time="0.002" /><testcase classname="packages.platform.tests.test_local_storage" name="test_rejects_path_escape[../escape.txt]" time="0.002" /><testcase classname="packages.platform.tests.test_local_storage" name="test_rejects_path_escape[a/../../escape.txt]" time="0.002" /><testcase classname="packages.platform.tests.test_local_storage" name="test_rejects_path_escape[/etc/passwd]" time="0.002" /><testcase classname="packages.platform.tests.test_local_storage" name="test_rejects_path_escape[C:/windows/system32/config]" time="0.002" /><testcase classname="packages.platform.tests.test_local_storage" name="test_rejects_path_escape[//server/share/x]" time="0.002" /><testcase classname="packages.platform.tests.test_local_storage" name="test_rejects_path_escape[assets\\..\\escape.txt]" time="0.002" /><testcase classname="packages.platform.tests.test_local_storage" name="test_storage_satisfies_protocol" time="0.003" /><testcase classname="packages.platform.tests.test_local_storage" name="test_size_reports_bytes_and_missing_raises" time="0.003" /><testcase classname="packages.platform.tests.test_local_storage" name="test_iter_bytes_full_and_ranges" time="0.009" /><testcase classname="packages.platform.tests.test_local_storage" name="test_iter_bytes_rejects_bad_ranges_and_missing" time="0.009" /></testsuite></testsuites>